<?xml version="1.0" encoding="UTF-8"?>
<testsuite xmlns:xsi="http://www.w3.org/2001/XMLSchema-instance" xsi:noNamespaceSchemaLocation="https://maven.apache.org/surefire/maven-failsafe-plugin/xsd/failsafe-test-report-3.0.xsd" version="3.0" name="starter.CucumberTestSuite" time="29.332" tests="4" errors="0" skipped="0" failures="0">
  <properties>
[...]
</properties>
  <testcase name="User Login Successfully" classname="Login - saucedemo.com" time="7.129">
    <system-out><![CDATA[14:21:44.110 [main] INFO io.cucumber.core.plugin.SerenityReporter - Running feature from file:///D:/AUTOMATION%20TEST/WEB/web-automation-saucedemo-with-serenity/src/test/resources/features/Login.feature
14:21:44.236 [main] INFO  - 

-------------------------------------------------------------------------------------
     _______. _______ .______       _______ .__   __.  __  .___________.____    ____ 
    /       ||   ____||   _  \     |   ____||  \ |  | |  | |           |\   \  /   / 
   |   (----`|  |__   |  |_)  |    |  |__   |   \|  | |  | `---|  |----` \   \/   /  
    \   \    |   __|  |      /     |   __|  |  . `  | |  |     |  |       \_    _/   
.----)   |   |  |____ |  |\  \----.|  |____ |  |\   | |  |     |  |         |  |     
|_______/    |_______|| _| `._____||_______||__| \__| |__|     |__|         |__|    
                                                                                     
 News and tutorials at http://www.serenity-bdd.info                                  
 Documentation at https://wakaleo.gitbooks.io/the-serenity-book/content/             
 Join the Serenity Community on Gitter: https://gitter.im/serenity-bdd/serenity-core 
 Serenity BDD Support and Training at http://serenity-bdd.info/#/trainingandsupport  
-------------------------------------------------------------------------------------

14:21:44.236 [main] DEBUG net.thucydides.core.steps.StepEventBus - Test suite started for story net.thucydides.core.model.Story@bbaa1436
14:21:44.236 [main] INFO  - Test Suite Started: Login - saucedemo.com
14:21:44.252 [main] INFO io.cucumber.core.plugin.SerenityReporter - Running feature from file:///D:/AUTOMATION%20TEST/WEB/web-automation-saucedemo-with-serenity/src/test/resources/features/shopProdcut.feature
14:21:44.252 [main] DEBUG net.thucydides.core.steps.StepEventBus - Test suite started for story net.thucydides.core.model.Story@c32a5a95
14:21:44.252 [main] INFO  - Test Suite Started: Add to Cart product
14:21:44.252 [main] INFO io.cucumber.core.plugin.SerenityReporter - Running feature from file:///D:/AUTOMATION%20TEST/WEB/web-automation-saucedemo-with-serenity/src/test/resources/features/Login.feature
14:21:44.252 [main] DEBUG net.thucydides.core.steps.StepEventBus - Test suite started for story net.thucydides.core.model.Story@bbaa1436
14:21:44.252 [main] INFO  - Test Suite Started: Login - saucedemo.com

@Login-Feature @Login-Successfully
Scenario: User Login Successfully   &amp#27;[90m# src/test/resources/features/Login.feature:8&amp#27;[0m
14:21:44.330 [main] INFO io.cucumber.core.plugin.SerenityReporter - Running feature from file:///D:/AUTOMATION%20TEST/WEB/web-automation-saucedemo-with-serenity/src/test/resources/features/Login.feature
14:21:44.393 [main] INFO  - 
  _____   ___   ___   _____     ___   _____     _     ___   _____   ___   ___  
 |_   _| | __| / __| |_   _|   / __| |_   _|   /_\   | _ \ |_   _| | __| |   \ 
   | |   | _|  \__ \   | |     \__ \   | |    / _ \  |   /   | |   | _|  | |) |
   |_|   |___| |___/   |_|     |___/   |_|   /_/ \_\ |_|_\   |_|   |___| |___/ 

User Login Successfully(login---saucedemo.com;user-login-successfully)
--------------------------------------------------------------------------------
14:21:44.836 [main] DEBUG net.thucydides.core.steps.StepInterceptor - STARTING STEP: LoginStepdefs.iOpenSaucedemoLoginPage - onPage
14:21:44.852 [main] INFO net.serenitybdd.core.webdriver.driverproviders.ChromeDriverProvider - Using automatically driver download
14:21:45.608 [main] DEBUG io.github.bonigarcia.wdm.cache.ResolutionCache - Resolution chrome=103 in cache (valid until 15:05:31 08/07/2022 ICT)
14:21:45.625 [main] DEBUG io.github.bonigarcia.wdm.cache.ResolutionCache - Resolution chrome103=103.0.5060.53 in cache (valid until 21:24:13 08/07/2022 ICT)
14:21:45.625 [main] INFO io.github.bonigarcia.wdm.WebDriverManager - Using chromedriver 103.0.5060.53 (resolved driver for Chrome 103)
14:21:45.640 [main] DEBUG io.github.bonigarcia.wdm.WebDriverManager - Driver chromedriver 103.0.5060.53 found in cache
14:21:45.640 [main] INFO io.github.bonigarcia.wdm.WebDriverManager - Exporting webdriver.chrome.driver as C:\Users\ASUS\.cache\selenium\chromedriver\win32\103.0.5060.53\chromedriver.exe
14:21:45.735 [main] DEBUG net.thucydides.core.reflection.ClassFinder - Could not load class .starter.CucumberTestSuite
14:21:45.735 [main] DEBUG net.thucydides.core.reflection.ClassFinder - Could not load class .starter.pages.CartPage
14:21:45.735 [main] DEBUG net.thucydides.core.reflection.ClassFinder - Could not load class .starter.pages.CheckoutPage
14:21:45.735 [main] DEBUG net.thucydides.core.reflection.ClassFinder - Could not load class .starter.pages.LoginPage
14:21:45.735 [main] DEBUG net.thucydides.core.reflection.ClassFinder - Could not load class .starter.stepdefinition.CartStepdefs
14:21:45.735 [main] DEBUG net.thucydides.core.reflection.ClassFinder - Could not load class .starter.stepdefinition.CheckoutStepdefs
14:21:45.735 [main] DEBUG net.thucydides.core.reflection.ClassFinder - Could not load class .starter.stepdefinition.LoginStepdefs
14:21:45.831 [main] DEBUG net.serenitybdd.core.webdriver.driverproviders.ProvideNewDriver - Instantiating driver
14:21:45.831 [main] DEBUG net.serenitybdd.core.webdriver.driverproviders.ProvideNewDriver - Driver capabilities: Capabilities {acceptInsecureCerts: false, base.url: https://www.saucedemo.com/, browserName: chrome, chrome.driver: src/test/resources/webdrive..., driver: chrome, goog:chromeOptions: {args: [], extensions: []}}
14:21:45.878 [main] DEBUG io.netty.util.internal.logging.InternalLoggerFactory - Using SLF4J as the default logging framework
14:21:45.895 [main] DEBUG io.netty.util.ResourceLeakDetector - -Dio.netty.leakDetection.level: simple
14:21:45.895 [main] DEBUG io.netty.util.ResourceLeakDetector - -Dio.netty.leakDetection.targetRecords: 4
14:21:45.895 [main] DEBUG io.netty.util.ResourceLeakDetectorFactory - Loaded default ResourceLeakDetector: io.netty.util.ResourceLeakDetector@c79c02
14:21:45.910 [main] DEBUG io.netty.util.internal.PlatformDependent0 - -Dio.netty.noUnsafe: false
14:21:45.910 [main] DEBUG io.netty.util.internal.PlatformDependent0 - Java version: 8
14:21:45.910 [main] DEBUG io.netty.util.internal.PlatformDependent0 - sun.misc.Unsafe.theUnsafe: available
14:21:45.910 [main] DEBUG io.netty.util.internal.PlatformDependent0 - sun.misc.Unsafe.copyMemory: available
14:21:45.910 [main] DEBUG io.netty.util.internal.PlatformDependent0 - java.nio.Buffer.address: available
14:21:45.910 [main] DEBUG io.netty.util.internal.PlatformDependent0 - direct buffer constructor: available
14:21:45.910 [main] DEBUG io.netty.util.internal.PlatformDependent0 - java.nio.Bits.unaligned: available, true
14:21:45.910 [main] DEBUG io.netty.util.internal.PlatformDependent0 - jdk.internal.misc.Unsafe.allocateUninitializedArray(int): unavailable prior to Java9
14:21:45.910 [main] DEBUG io.netty.util.internal.PlatformDependent0 - java.nio.DirectByteBuffer.<init>(long, int): available
14:21:45.910 [main] DEBUG io.netty.util.internal.PlatformDependent - sun.misc.Unsafe: available
14:21:45.910 [main] DEBUG io.netty.util.internal.PlatformDependent - -Dio.netty.tmpdir: C:\Users\ASUS\AppData\Local\Temp (java.io.tmpdir)
14:21:45.910 [main] DEBUG io.netty.util.internal.PlatformDependent - -Dio.netty.bitMode: 32 (sun.arch.data.model)
14:21:45.910 [main] DEBUG io.netty.util.internal.PlatformDependent - Platform: Windows
14:21:45.910 [main] DEBUG io.netty.util.internal.PlatformDependent - -Dio.netty.maxDirectMemory: 259522560 bytes
14:21:45.910 [main] DEBUG io.netty.util.internal.PlatformDependent - -Dio.netty.uninitializedArrayAllocationThreshold: -1
14:21:45.910 [main] DEBUG io.netty.util.internal.CleanerJava6 - java.nio.ByteBuffer.cleaner(): available
14:21:45.910 [main] DEBUG io.netty.util.internal.PlatformDependent - -Dio.netty.noPreferDirect: false
14:21:45.926 [main] DEBUG io.netty.util.internal.PlatformDependent - org.jctools-core.MpscChunkedArrayQueue: available
14:21:45.926 [main] DEBUG io.netty.util.internal.InternalThreadLocalMap - -Dio.netty.threadLocalMap.stringBuilder.initialSize: 1024
14:21:45.926 [main] DEBUG io.netty.util.internal.InternalThreadLocalMap - -Dio.netty.threadLocalMap.stringBuilder.maxSize: 4096
14:21:45.942 [main] DEBUG io.netty.handler.ssl.JdkSslContext - Default protocols (JDK): [TLSv1.2] 
14:21:45.942 [main] DEBUG io.netty.handler.ssl.JdkSslContext - Default cipher suites (JDK): [TLS_ECDHE_ECDSA_WITH_AES_256_GCM_SHA384, TLS_ECDHE_ECDSA_WITH_AES_128_GCM_SHA256, TLS_ECDHE_RSA_WITH_AES_128_GCM_SHA256, TLS_ECDHE_RSA_WITH_AES_256_GCM_SHA384, TLS_ECDHE_RSA_WITH_AES_128_CBC_SHA, TLS_ECDHE_RSA_WITH_AES_256_CBC_SHA, TLS_RSA_WITH_AES_128_GCM_SHA256, TLS_RSA_WITH_AES_128_CBC_SHA, TLS_RSA_WITH_AES_256_CBC_SHA, TLS_AES_128_GCM_SHA256, TLS_AES_256_GCM_SHA384]
14:21:45.974 [main] DEBUG io.netty.channel.MultithreadEventLoopGroup - -Dio.netty.eventLoopThreads: 16
14:21:45.974 [main] DEBUG io.netty.channel.nio.NioEventLoop - -Dio.netty.noKeySetOptimization: false
14:21:45.974 [main] DEBUG io.netty.channel.nio.NioEventLoop - -Dio.netty.selectorAutoRebuildThreshold: 512
14:21:46.005 [main] DEBUG io.netty.buffer.PooledByteBufAllocator - -Dio.netty.allocator.numHeapArenas: 2
14:21:46.005 [main] DEBUG io.netty.buffer.PooledByteBufAllocator - -Dio.netty.allocator.numDirectArenas: 2
14:21:46.005 [main] DEBUG io.netty.buffer.PooledByteBufAllocator - -Dio.netty.allocator.pageSize: 8192
14:21:46.005 [main] DEBUG io.netty.buffer.PooledByteBufAllocator - -Dio.netty.allocator.maxOrder: 11
14:21:46.005 [main] DEBUG io.netty.buffer.PooledByteBufAllocator - -Dio.netty.allocator.chunkSize: 16777216
14:21:46.005 [main] DEBUG io.netty.buffer.PooledByteBufAllocator - -Dio.netty.allocator.smallCacheSize: 256
14:21:46.005 [main] DEBUG io.netty.buffer.PooledByteBufAllocator - -Dio.netty.allocator.normalCacheSize: 64
14:21:46.005 [main] DEBUG io.netty.buffer.PooledByteBufAllocator - -Dio.netty.allocator.maxCachedBufferCapacity: 32768
14:21:46.005 [main] DEBUG io.netty.buffer.PooledByteBufAllocator - -Dio.netty.allocator.cacheTrimInterval: 8192
14:21:46.005 [main] DEBUG io.netty.buffer.PooledByteBufAllocator - -Dio.netty.allocator.cacheTrimIntervalMillis: 0
14:21:46.005 [main] DEBUG io.netty.buffer.PooledByteBufAllocator - -Dio.netty.allocator.useCacheForAllThreads: true
14:21:46.005 [main] DEBUG io.netty.buffer.PooledByteBufAllocator - -Dio.netty.allocator.maxCachedByteBuffersPerChunk: 1023
14:21:46.021 [main] DEBUG io.netty.buffer.ByteBufUtil - -Dio.netty.allocator.type: pooled
14:21:46.021 [main] DEBUG io.netty.buffer.ByteBufUtil - -Dio.netty.threadLocalDirectBufferSize: 0
14:21:46.021 [main] DEBUG io.netty.buffer.ByteBufUtil - -Dio.netty.maxThreadLocalCharBufferSize: 16384
14:21:46.718 [Forwarding newSession on session null to remote] DEBUG io.netty.channel.DefaultChannelId - -Dio.netty.processId: 6524 (auto-detected)
14:21:46.718 [Forwarding newSession on session null to remote] DEBUG io.netty.util.NetUtil - -Djava.net.preferIPv4Stack: false
14:21:46.718 [Forwarding newSession on session null to remote] DEBUG io.netty.util.NetUtil - -Djava.net.preferIPv6Addresses: false
14:21:46.878 [Forwarding newSession on session null to remote] DEBUG io.netty.util.NetUtilInitializations - Loopback interface: lo (Software Loopback Interface 1, 127.0.0.1)
14:21:46.878 [Forwarding newSession on session null to remote] DEBUG io.netty.util.NetUtil - Failed to get SOMAXCONN from sysctl and file \proc\sys\net\core\somaxconn. Default: 200
14:21:47.050 [Forwarding newSession on session null to remote] DEBUG io.netty.channel.DefaultChannelId - -Dio.netty.machineId: 3c:58:c2:ff:fe:bc:fb:24 (auto-detected)
14:21:47.097 [AsyncHttpClient-1-2] DEBUG io.netty.buffer.AbstractByteBuf - -Dio.netty.buffer.checkAccessible: true
14:21:47.097 [AsyncHttpClient-1-2] DEBUG io.netty.buffer.AbstractByteBuf - -Dio.netty.buffer.checkBounds: true
14:21:47.097 [AsyncHttpClient-1-2] DEBUG io.netty.util.ResourceLeakDetectorFactory - Loaded default ResourceLeakDetector: io.netty.util.ResourceLeakDetector@182d4a9
14:21:47.113 [AsyncHttpClient-1-2] DEBUG org.asynchttpclient.netty.channel.NettyConnectListener - Using new Channel '[id: 0xe96c301d, L:/127.0.0.1:51495 - R:localhost/127.0.0.1:60635]' for 'POST' to '/session'
14:21:47.130 [AsyncHttpClient-1-2] DEBUG io.netty.util.Recycler - -Dio.netty.recycler.maxCapacityPerThread: 4096
14:21:47.131 [AsyncHttpClient-1-2] DEBUG io.netty.util.Recycler - -Dio.netty.recycler.ratio: 8
14:21:47.131 [AsyncHttpClient-1-2] DEBUG io.netty.util.Recycler - -Dio.netty.recycler.chunkSize: 32
14:21:47.131 [AsyncHttpClient-1-2] DEBUG io.netty.util.Recycler - -Dio.netty.recycler.blocking: false
14:21:47.801 [AsyncHttpClient-1-2] DEBUG io.netty.handler.codec.compression.Brotli - brotli4j not in the classpath; Brotli support will be unavailable.
14:21:47.801 [AsyncHttpClient-1-2] DEBUG org.asynchttpclient.netty.handler.HttpHandler - 

Request DefaultHttpRequest(decodeResult: success, version: HTTP/1.1)
POST /session HTTP/1.1
User-Agent: selenium/4.1.2 (java windows)
Content-Length: 612
Content-Type: application/json; charset=utf-8
host: localhost:60635
accept: */*

Response DefaultHttpResponse(decodeResult: success, version: HTTP/1.1)
HTTP/1.1 200 OK
Content-Type: application/json; charset=utf-8
cache-control: no-cache
content-length: 790

14:21:47.822 [AsyncHttpClient-1-2] DEBUG org.asynchttpclient.netty.channel.ChannelManager - Adding key: http://localhost:60635 for channel [id: 0xe96c301d, L:/127.0.0.1:51495 - R:localhost/127.0.0.1:60635]
14:21:47.878 [AsyncHttpClient-1-3] DEBUG org.asynchttpclient.netty.channel.NettyConnectListener - Using new Channel '[id: 0x464ffd2f, L:/127.0.0.1:51502 - R:localhost/127.0.0.1:51496]' for 'GET' to '/json/version'
14:21:47.878 [AsyncHttpClient-1-3] DEBUG org.asynchttpclient.netty.handler.HttpHandler - 

Request DefaultFullHttpRequest(decodeResult: success, version: HTTP/1.1, content: EmptyByteBufBE)
GET /json/version HTTP/1.1
User-Agent: selenium/4.1.2 (java windows)
host: localhost:51496
accept: */*

Response DefaultHttpResponse(decodeResult: success, version: HTTP/1.1)
HTTP/1.1 200 OK
Content-Type: application/json; charset=UTF-8
content-length: 429

14:21:47.878 [AsyncHttpClient-1-3] DEBUG org.asynchttpclient.netty.channel.ChannelManager - Adding key: http://localhost:51496 for channel [id: 0x464ffd2f, L:/127.0.0.1:51502 - R:localhost/127.0.0.1:51496]
14:21:47.894 [main] DEBUG io.netty.util.internal.ThreadLocalRandom - -Dio.netty.initialSeedUniquifier: 0x59fe2d9f79b91ba4
14:21:47.909 [AsyncHttpClient-1-4] DEBUG org.asynchttpclient.netty.channel.NettyConnectListener - Using new Channel '[id: 0x7a7823d2, L:/127.0.0.1:51503 - R:localhost/127.0.0.1:51496]' for 'GET' to '/devtools/browser/98ba0245-e20c-4f03-b224-27c0ec4ed18b'
14:21:47.909 [AsyncHttpClient-1-4] DEBUG org.asynchttpclient.netty.handler.WebSocketHandler - 

Request DefaultFullHttpRequest(decodeResult: success, version: HTTP/1.1, content: EmptyByteBufBE)
GET /devtools/browser/98ba0245-e20c-4f03-b224-27c0ec4ed18b HTTP/1.1
upgrade: websocket
connection: upgrade
sec-websocket-key: CAtDyDv7zv/R8oxMP6U3qA==
sec-websocket-version: 13
origin: http://localhost:51496
host: localhost:51496
accept: */*
user-agent: AHC/2.1

Response DefaultHttpResponse(decodeResult: success, version: HTTP/1.1)
HTTP/1.1 101 WebSocket Protocol Handshake
Upgrade: WebSocket
Connection: Upgrade
Sec-WebSocket-Accept: WwQznNyAaRHkZprKUZFsIYWTNAA=

14:21:48.034 [main] DEBUG net.thucydides.core.reflection.ClassFinder - Could not load class .starter.CucumberTestSuite
14:21:48.034 [main] DEBUG net.thucydides.core.reflection.ClassFinder - Could not load class .starter.pages.CartPage
14:21:48.034 [main] DEBUG net.thucydides.core.reflection.ClassFinder - Could not load class .starter.pages.CheckoutPage
14:21:48.034 [main] DEBUG net.thucydides.core.reflection.ClassFinder - Could not load class .starter.pages.LoginPage
14:21:48.034 [main] DEBUG net.thucydides.core.reflection.ClassFinder - Could not load class .starter.stepdefinition.CartStepdefs
14:21:48.034 [main] DEBUG net.thucydides.core.reflection.ClassFinder - Could not load class .starter.stepdefinition.CheckoutStepdefs
14:21:48.034 [main] DEBUG net.thucydides.core.reflection.ClassFinder - Could not load class .starter.stepdefinition.LoginStepdefs
14:21:48.034 [Forwarding get on session fe26fff410778e629f13bd955b26918d to remote] DEBUG org.asynchttpclient.netty.request.NettyRequestSender - Using pooled Channel '[id: 0xe96c301d, L:/127.0.0.1:51495 - R:localhost/127.0.0.1:60635]' for 'POST' to 'http://localhost:60635/session/fe26fff410778e629f13bd955b26918d/url'
14:21:48.034 [Forwarding get on session fe26fff410778e629f13bd955b26918d to remote] DEBUG org.asynchttpclient.netty.request.NettyRequestSender - Using open Channel [id: 0xe96c301d, L:/127.0.0.1:51495 - R:localhost/127.0.0.1:60635] for POST '/session/fe26fff410778e629f13bd955b26918d/url'
14:21:48.131 [AsyncHttpClient-1-1] DEBUG org.asynchttpclient.netty.channel.DefaultChannelPool - Entry count for : http://localhost:51496 : 1
14:21:48.364 [AsyncHttpClient-1-2] DEBUG org.asynchttpclient.netty.handler.HttpHandler - 

Request DefaultHttpRequest(decodeResult: success, version: HTTP/1.1)
POST /session/fe26fff410778e629f13bd955b26918d/url HTTP/1.1
User-Agent: selenium/4.1.2 (java windows)
Content-Length: 56
Content-Type: application/json; charset=utf-8
host: localhost:60635
accept: */*

Response DefaultHttpResponse(decodeResult: success, version: HTTP/1.1)
HTTP/1.1 200 OK
Content-Type: application/json; charset=utf-8
cache-control: no-cache
content-length: 14

14:21:48.364 [AsyncHttpClient-1-2] DEBUG org.asynchttpclient.netty.channel.ChannelManager - Adding key: http://localhost:60635 for channel [id: 0xe96c301d, L:/127.0.0.1:51495 - R:localhost/127.0.0.1:60635]
14:21:48.364 [Forwarding setTimeout on session fe26fff410778e629f13bd955b26918d to remote] DEBUG org.asynchttpclient.netty.request.NettyRequestSender - Using pooled Channel '[id: 0xe96c301d, L:/127.0.0.1:51495 - R:localhost/127.0.0.1:60635]' for 'POST' to 'http://localhost:60635/session/fe26fff410778e629f13bd955b26918d/timeouts'
14:21:48.364 [Forwarding setTimeout on session fe26fff410778e629f13bd955b26918d to remote] DEBUG org.asynchttpclient.netty.request.NettyRequestSender - Using open Channel [id: 0xe96c301d, L:/127.0.0.1:51495 - R:localhost/127.0.0.1:60635] for POST '/session/fe26fff410778e629f13bd955b26918d/timeouts'
14:21:48.372 [AsyncHttpClient-1-2] DEBUG org.asynchttpclient.netty.handler.HttpHandler - 

Request DefaultHttpRequest(decodeResult: success, version: HTTP/1.1)
POST /session/fe26fff410778e629f13bd955b26918d/timeouts HTTP/1.1
User-Agent: selenium/4.1.2 (java windows)
Content-Length: 22
Content-Type: application/json; charset=utf-8
host: localhost:60635
accept: */*

Response DefaultHttpResponse(decodeResult: success, version: HTTP/1.1)
HTTP/1.1 200 OK
Content-Type: application/json; charset=utf-8
cache-control: no-cache
content-length: 14

14:21:48.372 [AsyncHttpClient-1-2] DEBUG org.asynchttpclient.netty.channel.ChannelManager - Adding key: http://localhost:60635 for channel [id: 0xe96c301d, L:/127.0.0.1:51495 - R:localhost/127.0.0.1:60635]
14:21:48.380 [Forwarding getCurrentUrl on session fe26fff410778e629f13bd955b26918d to remote] DEBUG org.asynchttpclient.netty.request.NettyRequestSender - Using pooled Channel '[id: 0xe96c301d, L:/127.0.0.1:51495 - R:localhost/127.0.0.1:60635]' for 'GET' to 'http://localhost:60635/session/fe26fff410778e629f13bd955b26918d/url'
14:21:48.380 [Forwarding getCurrentUrl on session fe26fff410778e629f13bd955b26918d to remote] DEBUG org.asynchttpclient.netty.request.NettyRequestSender - Using open Channel [id: 0xe96c301d, L:/127.0.0.1:51495 - R:localhost/127.0.0.1:60635] for GET '/session/fe26fff410778e629f13bd955b26918d/url'
14:21:48.388 [AsyncHttpClient-1-2] DEBUG org.asynchttpclient.netty.handler.HttpHandler - 

Request DefaultFullHttpRequest(decodeResult: success, version: HTTP/1.1, content: EmptyByteBufBE)
GET /session/fe26fff410778e629f13bd955b26918d/url HTTP/1.1
User-Agent: selenium/4.1.2 (java windows)
Cache-Control: no-cache
Content-Type: application/json; charset=utf-8
host: localhost:60635
accept: */*

Response DefaultHttpResponse(decodeResult: success, version: HTTP/1.1)
HTTP/1.1 200 OK
Content-Type: application/json; charset=utf-8
cache-control: no-cache
content-length: 38

14:21:48.388 [AsyncHttpClient-1-2] DEBUG org.asynchttpclient.netty.channel.ChannelManager - Adding key: http://localhost:60635 for channel [id: 0xe96c301d, L:/127.0.0.1:51495 - R:localhost/127.0.0.1:60635]
14:21:48.396 [Forwarding getCurrentUrl on session fe26fff410778e629f13bd955b26918d to remote] DEBUG org.asynchttpclient.netty.request.NettyRequestSender - Using pooled Channel '[id: 0xe96c301d, L:/127.0.0.1:51495 - R:localhost/127.0.0.1:60635]' for 'GET' to 'http://localhost:60635/session/fe26fff410778e629f13bd955b26918d/url'
14:21:48.396 [Forwarding getCurrentUrl on session fe26fff410778e629f13bd955b26918d to remote] DEBUG org.asynchttpclient.netty.request.NettyRequestSender - Using open Channel [id: 0xe96c301d, L:/127.0.0.1:51495 - R:localhost/127.0.0.1:60635] for GET '/session/fe26fff410778e629f13bd955b26918d/url'
14:21:48.404 [AsyncHttpClient-1-2] DEBUG org.asynchttpclient.netty.handler.HttpHandler - 

Request DefaultFullHttpRequest(decodeResult: success, version: HTTP/1.1, content: EmptyByteBufBE)
GET /session/fe26fff410778e629f13bd955b26918d/url HTTP/1.1
User-Agent: selenium/4.1.2 (java windows)
Cache-Control: no-cache
Content-Type: application/json; charset=utf-8
host: localhost:60635
accept: */*

Response DefaultHttpResponse(decodeResult: success, version: HTTP/1.1)
HTTP/1.1 200 OK
Content-Type: application/json; charset=utf-8
cache-control: no-cache
content-length: 38

14:21:48.404 [AsyncHttpClient-1-2] DEBUG org.asynchttpclient.netty.channel.ChannelManager - Adding key: http://localhost:60635 for channel [id: 0xe96c301d, L:/127.0.0.1:51495 - R:localhost/127.0.0.1:60635]
14:21:48.428 [main] DEBUG net.serenitybdd.core.photography.Darkroom - Opening darkroom
14:21:48.428 [Darkroom Processing Line] DEBUG net.serenitybdd.core.photography.DarkroomProcessingLine - Darkroom processing line starting up
14:21:48.428 [Forwarding screenshot on session fe26fff410778e629f13bd955b26918d to remote] DEBUG org.asynchttpclient.netty.request.NettyRequestSender - Using pooled Channel '[id: 0xe96c301d, L:/127.0.0.1:51495 - R:localhost/127.0.0.1:60635]' for 'GET' to 'http://localhost:60635/session/fe26fff410778e629f13bd955b26918d/screenshot'
14:21:48.428 [Forwarding screenshot on session fe26fff410778e629f13bd955b26918d to remote] DEBUG org.asynchttpclient.netty.request.NettyRequestSender - Using open Channel [id: 0xe96c301d, L:/127.0.0.1:51495 - R:localhost/127.0.0.1:60635] for GET '/session/fe26fff410778e629f13bd955b26918d/screenshot'
14:21:48.577 [AsyncHttpClient-1-2] DEBUG org.asynchttpclient.netty.handler.HttpHandler - 

Request DefaultFullHttpRequest(decodeResult: success, version: HTTP/1.1, content: EmptyByteBufBE)
GET /session/fe26fff410778e629f13bd955b26918d/screenshot HTTP/1.1
User-Agent: selenium/4.1.2 (java windows)
Cache-Control: no-cache
Content-Type: application/json; charset=utf-8
host: localhost:60635
accept: */*

Response DefaultHttpResponse(decodeResult: success, version: HTTP/1.1)
HTTP/1.1 200 OK
Content-Type: application/json; charset=utf-8
cache-control: no-cache
content-length: 127896

14:21:48.577 [AsyncHttpClient-1-2] DEBUG org.asynchttpclient.netty.channel.ChannelManager - Adding key: http://localhost:60635 for channel [id: 0xe96c301d, L:/127.0.0.1:51495 - R:localhost/127.0.0.1:60635]
14:21:48.644 [main] DEBUG net.serenitybdd.core.photography.Darkroom - Send negative for processing for target\site\serenity\e675aec8b881fb0ee76ec1e8d253f49af200eee0ccf2d1c4e953e1fb87ea3ebe.png
14:21:48.644 [Darkroom Processing Line] DEBUG net.serenitybdd.core.photography.DarkroomProcessingLine - Processing screenshot image in /var/screenshots/screenshot-8196498025658518395
14:21:48.644 [Darkroom Processing Line] DEBUG net.serenitybdd.core.photography.DarkroomProcessingLine - Saving screenshot to target\site\serenity\e675aec8b881fb0ee76ec1e8d253f49af200eee0ccf2d1c4e953e1fb87ea3ebe.png
14:21:48.661 [main] DEBUG net.thucydides.core.steps.StepInterceptor - STEP DONE: onPage
14:21:48.669 [main] DEBUG net.thucydides.core.steps.StepInterceptor - STARTING STEP: LoginStepdefs.iOpenSaucedemoLoginPage - ValidationLogin
14:21:48.669 [Forwarding findElement on session fe26fff410778e629f13bd955b26918d to remote] DEBUG org.asynchttpclient.netty.request.NettyRequestSender - Using pooled Channel '[id: 0xe96c301d, L:/127.0.0.1:51495 - R:localhost/127.0.0.1:60635]' for 'POST' to 'http://localhost:60635/session/fe26fff410778e629f13bd955b26918d/element'
14:21:48.669 [Forwarding findElement on session fe26fff410778e629f13bd955b26918d to remote] DEBUG org.asynchttpclient.netty.request.NettyRequestSender - Using open Channel [id: 0xe96c301d, L:/127.0.0.1:51495 - R:localhost/127.0.0.1:60635] for POST '/session/fe26fff410778e629f13bd955b26918d/element'
14:21:48.689 [AsyncHttpClient-1-2] DEBUG org.asynchttpclient.netty.handler.HttpHandler - 

Request DefaultHttpRequest(decodeResult: success, version: HTTP/1.1)
POST /session/fe26fff410778e629f13bd955b26918d/element HTTP/1.1
User-Agent: selenium/4.1.2 (java windows)
Content-Length: 59
Content-Type: application/json; charset=utf-8
host: localhost:60635
accept: */*

Response DefaultHttpResponse(decodeResult: success, version: HTTP/1.1)
HTTP/1.1 200 OK
Content-Type: application/json; charset=utf-8
cache-control: no-cache
content-length: 88

14:21:48.689 [AsyncHttpClient-1-2] DEBUG org.asynchttpclient.netty.channel.ChannelManager - Adding key: http://localhost:60635 for channel [id: 0xe96c301d, L:/127.0.0.1:51495 - R:localhost/127.0.0.1:60635]
14:21:48.701 [Forwarding isElementDisplayed on session fe26fff410778e629f13bd955b26918d to remote] DEBUG org.asynchttpclient.netty.request.NettyRequestSender - Using pooled Channel '[id: 0xe96c301d, L:/127.0.0.1:51495 - R:localhost/127.0.0.1:60635]' for 'POST' to 'http://localhost:60635/session/fe26fff410778e629f13bd955b26918d/execute/sync'
14:21:48.701 [Forwarding isElementDisplayed on session fe26fff410778e629f13bd955b26918d to remote] DEBUG org.asynchttpclient.netty.request.NettyRequestSender - Using open Channel [id: 0xe96c301d, L:/127.0.0.1:51495 - R:localhost/127.0.0.1:60635] for POST '/session/fe26fff410778e629f13bd955b26918d/execute/sync'
14:21:48.721 [AsyncHttpClient-1-2] DEBUG org.asynchttpclient.netty.handler.HttpHandler - 

Request DefaultHttpRequest(decodeResult: success, version: HTTP/1.1)
POST /session/fe26fff410778e629f13bd955b26918d/execute/sync HTTP/1.1
User-Agent: selenium/4.1.2 (java windows)
Content-Length: 48780
Content-Type: application/json; charset=utf-8
host: localhost:60635
accept: */*

Response DefaultHttpResponse(decodeResult: success, version: HTTP/1.1)
HTTP/1.1 200 OK
Content-Type: application/json; charset=utf-8
cache-control: no-cache
content-length: 14

14:21:48.721 [AsyncHttpClient-1-2] DEBUG org.asynchttpclient.netty.channel.ChannelManager - Adding key: http://localhost:60635 for channel [id: 0xe96c301d, L:/127.0.0.1:51495 - R:localhost/127.0.0.1:60635]
14:21:48.723 [Forwarding screenshot on session fe26fff410778e629f13bd955b26918d to remote] DEBUG org.asynchttpclient.netty.request.NettyRequestSender - Using pooled Channel '[id: 0xe96c301d, L:/127.0.0.1:51495 - R:localhost/127.0.0.1:60635]' for 'GET' to 'http://localhost:60635/session/fe26fff410778e629f13bd955b26918d/screenshot'
14:21:48.723 [Forwarding screenshot on session fe26fff410778e629f13bd955b26918d to remote] DEBUG org.asynchttpclient.netty.request.NettyRequestSender - Using open Channel [id: 0xe96c301d, L:/127.0.0.1:51495 - R:localhost/127.0.0.1:60635] for GET '/session/fe26fff410778e629f13bd955b26918d/screenshot'
14:21:48.842 [AsyncHttpClient-1-2] DEBUG org.asynchttpclient.netty.handler.HttpHandler - 

Request DefaultFullHttpRequest(decodeResult: success, version: HTTP/1.1, content: EmptyByteBufBE)
GET /session/fe26fff410778e629f13bd955b26918d/screenshot HTTP/1.1
User-Agent: selenium/4.1.2 (java windows)
Cache-Control: no-cache
Content-Type: application/json; charset=utf-8
host: localhost:60635
accept: */*

Response DefaultHttpResponse(decodeResult: success, version: HTTP/1.1)
HTTP/1.1 200 OK
Content-Type: application/json; charset=utf-8
cache-control: no-cache
content-length: 127896

14:21:48.845 [AsyncHttpClient-1-2] DEBUG org.asynchttpclient.netty.channel.ChannelManager - Adding key: http://localhost:60635 for channel [id: 0xe96c301d, L:/127.0.0.1:51495 - R:localhost/127.0.0.1:60635]
14:21:48.851 [main] DEBUG net.serenitybdd.core.photography.Darkroom - Send negative for processing for target\site\serenity\e675aec8b881fb0ee76ec1e8d253f49af200eee0ccf2d1c4e953e1fb87ea3ebe.png
14:21:48.851 [main] DEBUG net.thucydides.core.steps.StepInterceptor - STEP DONE: ValidationLogin
  &amp#27;[32mGiven &amp#27;[0m&amp#27;[32mI Open saucedemo Login Page&amp#27;[0m &amp#27;[90m# starter.stepdefinition.LoginStepdefs.iOpenSaucedemoLoginPage()&amp#27;[0m
14:21:48.864 [main] DEBUG net.thucydides.core.steps.StepInterceptor - STARTING STEP: LoginStepdefs.iInputValidUsername - inputUsername
14:21:48.864 [Forwarding findElement on session fe26fff410778e629f13bd955b26918d to remote] DEBUG org.asynchttpclient.netty.request.NettyRequestSender - Using pooled Channel '[id: 0xe96c301d, L:/127.0.0.1:51495 - R:localhost/127.0.0.1:60635]' for 'POST' to 'http://localhost:60635/session/fe26fff410778e629f13bd955b26918d/element'
14:21:48.864 [Forwarding findElement on session fe26fff410778e629f13bd955b26918d to remote] DEBUG org.asynchttpclient.netty.request.NettyRequestSender - Using open Channel [id: 0xe96c301d, L:/127.0.0.1:51495 - R:localhost/127.0.0.1:60635] for POST '/session/fe26fff410778e629f13bd955b26918d/element'
14:21:48.881 [AsyncHttpClient-1-2] DEBUG org.asynchttpclient.netty.handler.HttpHandler - 

Request DefaultHttpRequest(decodeResult: success, version: HTTP/1.1)
POST /session/fe26fff410778e629f13bd955b26918d/element HTTP/1.1
User-Agent: selenium/4.1.2 (java windows)
Content-Length: 56
Content-Type: application/json; charset=utf-8
host: localhost:60635
accept: */*

Response DefaultHttpResponse(decodeResult: success, version: HTTP/1.1)
HTTP/1.1 200 OK
Content-Type: application/json; charset=utf-8
cache-control: no-cache
content-length: 88

14:21:48.881 [AsyncHttpClient-1-2] DEBUG org.asynchttpclient.netty.channel.ChannelManager - Adding key: http://localhost:60635 for channel [id: 0xe96c301d, L:/127.0.0.1:51495 - R:localhost/127.0.0.1:60635]
14:21:48.895 [Forwarding clearElement on session fe26fff410778e629f13bd955b26918d to remote] DEBUG org.asynchttpclient.netty.request.NettyRequestSender - Using pooled Channel '[id: 0xe96c301d, L:/127.0.0.1:51495 - R:localhost/127.0.0.1:60635]' for 'POST' to 'http://localhost:60635/session/fe26fff410778e629f13bd955b26918d/element/ffa3ebc0-3643-4343-b886-f48124015479/clear'
14:21:48.895 [Forwarding clearElement on session fe26fff410778e629f13bd955b26918d to remote] DEBUG org.asynchttpclient.netty.request.NettyRequestSender - Using open Channel [id: 0xe96c301d, L:/127.0.0.1:51495 - R:localhost/127.0.0.1:60635] for POST '/session/fe26fff410778e629f13bd955b26918d/element/ffa3ebc0-3643-4343-b886-f48124015479/clear'
14:21:48.935 [AsyncHttpClient-1-2] DEBUG org.asynchttpclient.netty.handler.HttpHandler - 

Request DefaultHttpRequest(decodeResult: success, version: HTTP/1.1)
POST /session/fe26fff410778e629f13bd955b26918d/element/ffa3ebc0-3643-4343-b886-f48124015479/clear HTTP/1.1
User-Agent: selenium/4.1.2 (java windows)
Content-Length: 50
Content-Type: application/json; charset=utf-8
host: localhost:60635
accept: */*

Response DefaultHttpResponse(decodeResult: success, version: HTTP/1.1)
HTTP/1.1 200 OK
Content-Type: application/json; charset=utf-8
cache-control: no-cache
content-length: 14

14:21:48.935 [AsyncHttpClient-1-2] DEBUG org.asynchttpclient.netty.channel.ChannelManager - Adding key: http://localhost:60635 for channel [id: 0xe96c301d, L:/127.0.0.1:51495 - R:localhost/127.0.0.1:60635]
14:21:48.947 [Forwarding sendKeysToElement on session fe26fff410778e629f13bd955b26918d to remote] DEBUG org.asynchttpclient.netty.request.NettyRequestSender - Using pooled Channel '[id: 0xe96c301d, L:/127.0.0.1:51495 - R:localhost/127.0.0.1:60635]' for 'POST' to 'http://localhost:60635/session/fe26fff410778e629f13bd955b26918d/element/ffa3ebc0-3643-4343-b886-f48124015479/value'
14:21:48.947 [Forwarding sendKeysToElement on session fe26fff410778e629f13bd955b26918d to remote] DEBUG org.asynchttpclient.netty.request.NettyRequestSender - Using open Channel [id: 0xe96c301d, L:/127.0.0.1:51495 - R:localhost/127.0.0.1:60635] for POST '/session/fe26fff410778e629f13bd955b26918d/element/ffa3ebc0-3643-4343-b886-f48124015479/value'
14:21:49.033 [AsyncHttpClient-1-2] DEBUG org.asynchttpclient.netty.handler.HttpHandler - 

Request DefaultHttpRequest(decodeResult: success, version: HTTP/1.1)
POST /session/fe26fff410778e629f13bd955b26918d/element/ffa3ebc0-3643-4343-b886-f48124015479/value HTTP/1.1
User-Agent: selenium/4.1.2 (java windows)
Content-Length: 211
Content-Type: application/json; charset=utf-8
host: localhost:60635
accept: */*

Response DefaultHttpResponse(decodeResult: success, version: HTTP/1.1)
HTTP/1.1 200 OK
Content-Type: application/json; charset=utf-8
cache-control: no-cache
content-length: 14

14:21:49.041 [AsyncHttpClient-1-2] DEBUG org.asynchttpclient.netty.channel.ChannelManager - Adding key: http://localhost:60635 for channel [id: 0xe96c301d, L:/127.0.0.1:51495 - R:localhost/127.0.0.1:60635]
14:21:49.049 [Forwarding screenshot on session fe26fff410778e629f13bd955b26918d to remote] DEBUG org.asynchttpclient.netty.request.NettyRequestSender - Using pooled Channel '[id: 0xe96c301d, L:/127.0.0.1:51495 - R:localhost/127.0.0.1:60635]' for 'GET' to 'http://localhost:60635/session/fe26fff410778e629f13bd955b26918d/screenshot'
14:21:49.049 [Forwarding screenshot on session fe26fff410778e629f13bd955b26918d to remote] DEBUG org.asynchttpclient.netty.request.NettyRequestSender - Using open Channel [id: 0xe96c301d, L:/127.0.0.1:51495 - R:localhost/127.0.0.1:60635] for GET '/session/fe26fff410778e629f13bd955b26918d/screenshot'
14:21:49.193 [AsyncHttpClient-1-2] DEBUG org.asynchttpclient.netty.handler.HttpHandler - 

Request DefaultFullHttpRequest(decodeResult: success, version: HTTP/1.1, content: EmptyByteBufBE)
GET /session/fe26fff410778e629f13bd955b26918d/screenshot HTTP/1.1
User-Agent: selenium/4.1.2 (java windows)
Cache-Control: no-cache
Content-Type: application/json; charset=utf-8
host: localhost:60635
accept: */*

Response DefaultHttpResponse(decodeResult: success, version: HTTP/1.1)
HTTP/1.1 200 OK
Content-Type: application/json; charset=utf-8
cache-control: no-cache
content-length: 129492

14:21:49.193 [AsyncHttpClient-1-2] DEBUG org.asynchttpclient.netty.channel.ChannelManager - Adding key: http://localhost:60635 for channel [id: 0xe96c301d, L:/127.0.0.1:51495 - R:localhost/127.0.0.1:60635]
14:21:49.209 [main] DEBUG net.serenitybdd.core.photography.Darkroom - Send negative for processing for target\site\serenity\b2db95fc49381e1e3fb7e34dad3bf7f6d3f7745d5b89bad83100ba0e716884e3.png
14:21:49.209 [main] DEBUG net.thucydides.core.steps.StepInterceptor - STEP DONE: inputUsername
  &amp#27;[32mWhen &amp#27;[0m&amp#27;[32mI Input valid username&amp#27;[0m       &amp#27;[90m# starter.stepdefinition.LoginStepdefs.iInputValidUsername()&amp#27;[0m
14:21:49.209 [Darkroom Processing Line] DEBUG net.serenitybdd.core.photography.DarkroomProcessingLine - Processing screenshot image in /var/screenshots/screenshot-5405064637789577468
14:21:49.209 [Darkroom Processing Line] DEBUG net.serenitybdd.core.photography.DarkroomProcessingLine - Saving screenshot to target\site\serenity\b2db95fc49381e1e3fb7e34dad3bf7f6d3f7745d5b89bad83100ba0e716884e3.png
14:21:49.224 [main] DEBUG net.thucydides.core.steps.StepInterceptor - STARTING STEP: LoginStepdefs.iInputValidPassword - inputPassword
14:21:49.224 [Forwarding findElement on session fe26fff410778e629f13bd955b26918d to remote] DEBUG org.asynchttpclient.netty.request.NettyRequestSender - Using pooled Channel '[id: 0xe96c301d, L:/127.0.0.1:51495 - R:localhost/127.0.0.1:60635]' for 'POST' to 'http://localhost:60635/session/fe26fff410778e629f13bd955b26918d/element'
14:21:49.224 [Forwarding findElement on session fe26fff410778e629f13bd955b26918d to remote] DEBUG org.asynchttpclient.netty.request.NettyRequestSender - Using open Channel [id: 0xe96c301d, L:/127.0.0.1:51495 - R:localhost/127.0.0.1:60635] for POST '/session/fe26fff410778e629f13bd955b26918d/element'
14:21:49.240 [AsyncHttpClient-1-1] DEBUG org.asynchttpclient.netty.channel.DefaultChannelPool - Entry count for : http://localhost:51496 : 1
14:21:49.240 [AsyncHttpClient-1-2] DEBUG org.asynchttpclient.netty.handler.HttpHandler - 

Request DefaultHttpRequest(decodeResult: success, version: HTTP/1.1)
POST /session/fe26fff410778e629f13bd955b26918d/element HTTP/1.1
User-Agent: selenium/4.1.2 (java windows)
Content-Length: 70
Content-Type: application/json; charset=utf-8
host: localhost:60635
accept: */*

Response DefaultHttpResponse(decodeResult: success, version: HTTP/1.1)
HTTP/1.1 200 OK
Content-Type: application/json; charset=utf-8
cache-control: no-cache
content-length: 88

14:21:49.240 [AsyncHttpClient-1-2] DEBUG org.asynchttpclient.netty.channel.ChannelManager - Adding key: http://localhost:60635 for channel [id: 0xe96c301d, L:/127.0.0.1:51495 - R:localhost/127.0.0.1:60635]
14:21:49.240 [Forwarding clearElement on session fe26fff410778e629f13bd955b26918d to remote] DEBUG org.asynchttpclient.netty.request.NettyRequestSender - Using pooled Channel '[id: 0xe96c301d, L:/127.0.0.1:51495 - R:localhost/127.0.0.1:60635]' for 'POST' to 'http://localhost:60635/session/fe26fff410778e629f13bd955b26918d/element/033d590e-4517-4486-9693-04a27ac427c7/clear'
14:21:49.240 [Forwarding clearElement on session fe26fff410778e629f13bd955b26918d to remote] DEBUG org.asynchttpclient.netty.request.NettyRequestSender - Using open Channel [id: 0xe96c301d, L:/127.0.0.1:51495 - R:localhost/127.0.0.1:60635] for POST '/session/fe26fff410778e629f13bd955b26918d/element/033d590e-4517-4486-9693-04a27ac427c7/clear'
14:21:49.289 [AsyncHttpClient-1-2] DEBUG org.asynchttpclient.netty.handler.HttpHandler - 

Request DefaultHttpRequest(decodeResult: success, version: HTTP/1.1)
POST /session/fe26fff410778e629f13bd955b26918d/element/033d590e-4517-4486-9693-04a27ac427c7/clear HTTP/1.1
User-Agent: selenium/4.1.2 (java windows)
Content-Length: 50
Content-Type: application/json; charset=utf-8
host: localhost:60635
accept: */*

Response DefaultHttpResponse(decodeResult: success, version: HTTP/1.1)
HTTP/1.1 200 OK
Content-Type: application/json; charset=utf-8
cache-control: no-cache
content-length: 14

14:21:49.289 [AsyncHttpClient-1-2] DEBUG org.asynchttpclient.netty.channel.ChannelManager - Adding key: http://localhost:60635 for channel [id: 0xe96c301d, L:/127.0.0.1:51495 - R:localhost/127.0.0.1:60635]
14:21:49.289 [Forwarding sendKeysToElement on session fe26fff410778e629f13bd955b26918d to remote] DEBUG org.asynchttpclient.netty.request.NettyRequestSender - Using pooled Channel '[id: 0xe96c301d, L:/127.0.0.1:51495 - R:localhost/127.0.0.1:60635]' for 'POST' to 'http://localhost:60635/session/fe26fff410778e629f13bd955b26918d/element/033d590e-4517-4486-9693-04a27ac427c7/value'
14:21:49.289 [Forwarding sendKeysToElement on session fe26fff410778e629f13bd955b26918d to remote] DEBUG org.asynchttpclient.netty.request.NettyRequestSender - Using open Channel [id: 0xe96c301d, L:/127.0.0.1:51495 - R:localhost/127.0.0.1:60635] for POST '/session/fe26fff410778e629f13bd955b26918d/element/033d590e-4517-4486-9693-04a27ac427c7/value'
14:21:49.360 [AsyncHttpClient-1-2] DEBUG org.asynchttpclient.netty.handler.HttpHandler - 

Request DefaultHttpRequest(decodeResult: success, version: HTTP/1.1)
POST /session/fe26fff410778e629f13bd955b26918d/element/033d590e-4517-4486-9693-04a27ac427c7/value HTTP/1.1
User-Agent: selenium/4.1.2 (java windows)
Content-Length: 201
Content-Type: application/json; charset=utf-8
host: localhost:60635
accept: */*

Response DefaultHttpResponse(decodeResult: success, version: HTTP/1.1)
HTTP/1.1 200 OK
Content-Type: application/json; charset=utf-8
cache-control: no-cache
content-length: 14

14:21:49.360 [AsyncHttpClient-1-2] DEBUG org.asynchttpclient.netty.channel.ChannelManager - Adding key: http://localhost:60635 for channel [id: 0xe96c301d, L:/127.0.0.1:51495 - R:localhost/127.0.0.1:60635]
14:21:49.368 [Forwarding screenshot on session fe26fff410778e629f13bd955b26918d to remote] DEBUG org.asynchttpclient.netty.request.NettyRequestSender - Using pooled Channel '[id: 0xe96c301d, L:/127.0.0.1:51495 - R:localhost/127.0.0.1:60635]' for 'GET' to 'http://localhost:60635/session/fe26fff410778e629f13bd955b26918d/screenshot'
14:21:49.368 [Forwarding screenshot on session fe26fff410778e629f13bd955b26918d to remote] DEBUG org.asynchttpclient.netty.request.NettyRequestSender - Using open Channel [id: 0xe96c301d, L:/127.0.0.1:51495 - R:localhost/127.0.0.1:60635] for GET '/session/fe26fff410778e629f13bd955b26918d/screenshot'
14:21:49.517 [AsyncHttpClient-1-2] DEBUG org.asynchttpclient.netty.handler.HttpHandler - 

Request DefaultFullHttpRequest(decodeResult: success, version: HTTP/1.1, content: EmptyByteBufBE)
GET /session/fe26fff410778e629f13bd955b26918d/screenshot HTTP/1.1
User-Agent: selenium/4.1.2 (java windows)
Cache-Control: no-cache
Content-Type: application/json; charset=utf-8
host: localhost:60635
accept: */*

Response DefaultHttpResponse(decodeResult: success, version: HTTP/1.1)
HTTP/1.1 200 OK
Content-Type: application/json; charset=utf-8
cache-control: no-cache
content-length: 126740

14:21:49.517 [AsyncHttpClient-1-2] DEBUG org.asynchttpclient.netty.channel.ChannelManager - Adding key: http://localhost:60635 for channel [id: 0xe96c301d, L:/127.0.0.1:51495 - R:localhost/127.0.0.1:60635]
14:21:49.517 [main] DEBUG net.serenitybdd.core.photography.Darkroom - Send negative for processing for target\site\serenity\3bce919b78dd7f43dc1e161fe23c1d84be9b92319b1582ea44d0e82a899dd684.png
14:21:49.529 [main] DEBUG net.thucydides.core.steps.StepInterceptor - STEP DONE: inputPassword
14:21:49.529 [Darkroom Processing Line] DEBUG net.serenitybdd.core.photography.DarkroomProcessingLine - Processing screenshot image in /var/screenshots/screenshot-1929411719817355636
  &amp#27;[32mAnd &amp#27;[0m&amp#27;[32mI Input valid password&amp#27;[0m        &amp#27;[90m# starter.stepdefinition.LoginStepdefs.iInputValidPassword()&amp#27;[0m
14:21:49.529 [Darkroom Processing Line] DEBUG net.serenitybdd.core.photography.DarkroomProcessingLine - Saving screenshot to target\site\serenity\3bce919b78dd7f43dc1e161fe23c1d84be9b92319b1582ea44d0e82a899dd684.png
14:21:49.545 [main] DEBUG net.thucydides.core.steps.StepInterceptor - STARTING STEP: LoginStepdefs.iClickButtonLogin - ClickButtonLogin
14:21:49.550 [Forwarding findElement on session fe26fff410778e629f13bd955b26918d to remote] DEBUG org.asynchttpclient.netty.request.NettyRequestSender - Using pooled Channel '[id: 0xe96c301d, L:/127.0.0.1:51495 - R:localhost/127.0.0.1:60635]' for 'POST' to 'http://localhost:60635/session/fe26fff410778e629f13bd955b26918d/element'
14:21:49.550 [Forwarding findElement on session fe26fff410778e629f13bd955b26918d to remote] DEBUG org.asynchttpclient.netty.request.NettyRequestSender - Using open Channel [id: 0xe96c301d, L:/127.0.0.1:51495 - R:localhost/127.0.0.1:60635] for POST '/session/fe26fff410778e629f13bd955b26918d/element'
14:21:49.561 [AsyncHttpClient-1-2] DEBUG org.asynchttpclient.netty.handler.HttpHandler - 

Request DefaultHttpRequest(decodeResult: success, version: HTTP/1.1)
POST /session/fe26fff410778e629f13bd955b26918d/element HTTP/1.1
User-Agent: selenium/4.1.2 (java windows)
Content-Length: 59
Content-Type: application/json; charset=utf-8
host: localhost:60635
accept: */*

Response DefaultHttpResponse(decodeResult: success, version: HTTP/1.1)
HTTP/1.1 200 OK
Content-Type: application/json; charset=utf-8
cache-control: no-cache
content-length: 88

14:21:49.561 [AsyncHttpClient-1-2] DEBUG org.asynchttpclient.netty.channel.ChannelManager - Adding key: http://localhost:60635 for channel [id: 0xe96c301d, L:/127.0.0.1:51495 - R:localhost/127.0.0.1:60635]
14:21:49.561 [Forwarding getElementTagName on session fe26fff410778e629f13bd955b26918d to remote] DEBUG org.asynchttpclient.netty.request.NettyRequestSender - Using pooled Channel '[id: 0xe96c301d, L:/127.0.0.1:51495 - R:localhost/127.0.0.1:60635]' for 'GET' to 'http://localhost:60635/session/fe26fff410778e629f13bd955b26918d/element/e64ad1af-5aa5-49f9-b8f6-4b32196acc7a/name'
14:21:49.561 [Forwarding getElementTagName on session fe26fff410778e629f13bd955b26918d to remote] DEBUG org.asynchttpclient.netty.request.NettyRequestSender - Using open Channel [id: 0xe96c301d, L:/127.0.0.1:51495 - R:localhost/127.0.0.1:60635] for GET '/session/fe26fff410778e629f13bd955b26918d/element/e64ad1af-5aa5-49f9-b8f6-4b32196acc7a/name'
14:21:49.561 [AsyncHttpClient-1-2] DEBUG org.asynchttpclient.netty.handler.HttpHandler - 

Request DefaultFullHttpRequest(decodeResult: success, version: HTTP/1.1, content: EmptyByteBufBE)
GET /session/fe26fff410778e629f13bd955b26918d/element/e64ad1af-5aa5-49f9-b8f6-4b32196acc7a/name HTTP/1.1
User-Agent: selenium/4.1.2 (java windows)
Cache-Control: no-cache
Content-Type: application/json; charset=utf-8
host: localhost:60635
accept: */*

Response DefaultHttpResponse(decodeResult: success, version: HTTP/1.1)
HTTP/1.1 200 OK
Content-Type: application/json; charset=utf-8
cache-control: no-cache
content-length: 17

14:21:49.561 [AsyncHttpClient-1-2] DEBUG org.asynchttpclient.netty.channel.ChannelManager - Adding key: http://localhost:60635 for channel [id: 0xe96c301d, L:/127.0.0.1:51495 - R:localhost/127.0.0.1:60635]
14:21:49.576 [Forwarding getElementTagName on session fe26fff410778e629f13bd955b26918d to remote] DEBUG org.asynchttpclient.netty.request.NettyRequestSender - Using pooled Channel '[id: 0xe96c301d, L:/127.0.0.1:51495 - R:localhost/127.0.0.1:60635]' for 'GET' to 'http://localhost:60635/session/fe26fff410778e629f13bd955b26918d/element/e64ad1af-5aa5-49f9-b8f6-4b32196acc7a/name'
14:21:49.576 [Forwarding getElementTagName on session fe26fff410778e629f13bd955b26918d to remote] DEBUG org.asynchttpclient.netty.request.NettyRequestSender - Using open Channel [id: 0xe96c301d, L:/127.0.0.1:51495 - R:localhost/127.0.0.1:60635] for GET '/session/fe26fff410778e629f13bd955b26918d/element/e64ad1af-5aa5-49f9-b8f6-4b32196acc7a/name'
14:21:49.584 [AsyncHttpClient-1-2] DEBUG org.asynchttpclient.netty.handler.HttpHandler - 

Request DefaultFullHttpRequest(decodeResult: success, version: HTTP/1.1, content: EmptyByteBufBE)
GET /session/fe26fff410778e629f13bd955b26918d/element/e64ad1af-5aa5-49f9-b8f6-4b32196acc7a/name HTTP/1.1
User-Agent: selenium/4.1.2 (java windows)
Cache-Control: no-cache
Content-Type: application/json; charset=utf-8
host: localhost:60635
accept: */*

Response DefaultHttpResponse(decodeResult: success, version: HTTP/1.1)
HTTP/1.1 200 OK
Content-Type: application/json; charset=utf-8
cache-control: no-cache
content-length: 17

14:21:49.584 [AsyncHttpClient-1-2] DEBUG org.asynchttpclient.netty.channel.ChannelManager - Adding key: http://localhost:60635 for channel [id: 0xe96c301d, L:/127.0.0.1:51495 - R:localhost/127.0.0.1:60635]
14:21:49.592 [Forwarding isElementEnabled on session fe26fff410778e629f13bd955b26918d to remote] DEBUG org.asynchttpclient.netty.request.NettyRequestSender - Using pooled Channel '[id: 0xe96c301d, L:/127.0.0.1:51495 - R:localhost/127.0.0.1:60635]' for 'GET' to 'http://localhost:60635/session/fe26fff410778e629f13bd955b26918d/element/e64ad1af-5aa5-49f9-b8f6-4b32196acc7a/enabled'
14:21:49.592 [Forwarding isElementEnabled on session fe26fff410778e629f13bd955b26918d to remote] DEBUG org.asynchttpclient.netty.request.NettyRequestSender - Using open Channel [id: 0xe96c301d, L:/127.0.0.1:51495 - R:localhost/127.0.0.1:60635] for GET '/session/fe26fff410778e629f13bd955b26918d/element/e64ad1af-5aa5-49f9-b8f6-4b32196acc7a/enabled'
14:21:49.601 [AsyncHttpClient-1-2] DEBUG org.asynchttpclient.netty.handler.HttpHandler - 

Request DefaultFullHttpRequest(decodeResult: success, version: HTTP/1.1, content: EmptyByteBufBE)
GET /session/fe26fff410778e629f13bd955b26918d/element/e64ad1af-5aa5-49f9-b8f6-4b32196acc7a/enabled HTTP/1.1
User-Agent: selenium/4.1.2 (java windows)
Cache-Control: no-cache
Content-Type: application/json; charset=utf-8
host: localhost:60635
accept: */*

Response DefaultHttpResponse(decodeResult: success, version: HTTP/1.1)
HTTP/1.1 200 OK
Content-Type: application/json; charset=utf-8
cache-control: no-cache
content-length: 14

14:21:49.601 [AsyncHttpClient-1-2] DEBUG org.asynchttpclient.netty.channel.ChannelManager - Adding key: http://localhost:60635 for channel [id: 0xe96c301d, L:/127.0.0.1:51495 - R:localhost/127.0.0.1:60635]
14:21:49.601 [Forwarding isElementEnabled on session fe26fff410778e629f13bd955b26918d to remote] DEBUG org.asynchttpclient.netty.request.NettyRequestSender - Using pooled Channel '[id: 0xe96c301d, L:/127.0.0.1:51495 - R:localhost/127.0.0.1:60635]' for 'GET' to 'http://localhost:60635/session/fe26fff410778e629f13bd955b26918d/element/e64ad1af-5aa5-49f9-b8f6-4b32196acc7a/enabled'
14:21:49.601 [Forwarding isElementEnabled on session fe26fff410778e629f13bd955b26918d to remote] DEBUG org.asynchttpclient.netty.request.NettyRequestSender - Using open Channel [id: 0xe96c301d, L:/127.0.0.1:51495 - R:localhost/127.0.0.1:60635] for GET '/session/fe26fff410778e629f13bd955b26918d/element/e64ad1af-5aa5-49f9-b8f6-4b32196acc7a/enabled'
14:21:49.616 [AsyncHttpClient-1-2] DEBUG org.asynchttpclient.netty.handler.HttpHandler - 

Request DefaultFullHttpRequest(decodeResult: success, version: HTTP/1.1, content: EmptyByteBufBE)
GET /session/fe26fff410778e629f13bd955b26918d/element/e64ad1af-5aa5-49f9-b8f6-4b32196acc7a/enabled HTTP/1.1
User-Agent: selenium/4.1.2 (java windows)
Cache-Control: no-cache
Content-Type: application/json; charset=utf-8
host: localhost:60635
accept: */*

Response DefaultHttpResponse(decodeResult: success, version: HTTP/1.1)
HTTP/1.1 200 OK
Content-Type: application/json; charset=utf-8
cache-control: no-cache
content-length: 14

14:21:49.616 [AsyncHttpClient-1-2] DEBUG org.asynchttpclient.netty.channel.ChannelManager - Adding key: http://localhost:60635 for channel [id: 0xe96c301d, L:/127.0.0.1:51495 - R:localhost/127.0.0.1:60635]
14:21:49.616 [Forwarding findElement on session fe26fff410778e629f13bd955b26918d to remote] DEBUG org.asynchttpclient.netty.request.NettyRequestSender - Using pooled Channel '[id: 0xe96c301d, L:/127.0.0.1:51495 - R:localhost/127.0.0.1:60635]' for 'POST' to 'http://localhost:60635/session/fe26fff410778e629f13bd955b26918d/element'
14:21:49.616 [Forwarding findElement on session fe26fff410778e629f13bd955b26918d to remote] DEBUG org.asynchttpclient.netty.request.NettyRequestSender - Using open Channel [id: 0xe96c301d, L:/127.0.0.1:51495 - R:localhost/127.0.0.1:60635] for POST '/session/fe26fff410778e629f13bd955b26918d/element'
14:21:49.631 [AsyncHttpClient-1-2] DEBUG org.asynchttpclient.netty.handler.HttpHandler - 

Request DefaultHttpRequest(decodeResult: success, version: HTTP/1.1)
POST /session/fe26fff410778e629f13bd955b26918d/element HTTP/1.1
User-Agent: selenium/4.1.2 (java windows)
Content-Length: 59
Content-Type: application/json; charset=utf-8
host: localhost:60635
accept: */*

Response DefaultHttpResponse(decodeResult: success, version: HTTP/1.1)
HTTP/1.1 200 OK
Content-Type: application/json; charset=utf-8
cache-control: no-cache
content-length: 88

14:21:49.631 [AsyncHttpClient-1-2] DEBUG org.asynchttpclient.netty.channel.ChannelManager - Adding key: http://localhost:60635 for channel [id: 0xe96c301d, L:/127.0.0.1:51495 - R:localhost/127.0.0.1:60635]
14:21:49.631 [Forwarding clickElement on session fe26fff410778e629f13bd955b26918d to remote] DEBUG org.asynchttpclient.netty.request.NettyRequestSender - Using pooled Channel '[id: 0xe96c301d, L:/127.0.0.1:51495 - R:localhost/127.0.0.1:60635]' for 'POST' to 'http://localhost:60635/session/fe26fff410778e629f13bd955b26918d/element/e64ad1af-5aa5-49f9-b8f6-4b32196acc7a/click'
14:21:49.631 [Forwarding clickElement on session fe26fff410778e629f13bd955b26918d to remote] DEBUG org.asynchttpclient.netty.request.NettyRequestSender - Using open Channel [id: 0xe96c301d, L:/127.0.0.1:51495 - R:localhost/127.0.0.1:60635] for POST '/session/fe26fff410778e629f13bd955b26918d/element/e64ad1af-5aa5-49f9-b8f6-4b32196acc7a/click'
14:21:49.779 [AsyncHttpClient-1-2] DEBUG org.asynchttpclient.netty.handler.HttpHandler - 

Request DefaultHttpRequest(decodeResult: success, version: HTTP/1.1)
POST /session/fe26fff410778e629f13bd955b26918d/element/e64ad1af-5aa5-49f9-b8f6-4b32196acc7a/click HTTP/1.1
User-Agent: selenium/4.1.2 (java windows)
Content-Length: 50
Content-Type: application/json; charset=utf-8
host: localhost:60635
accept: */*

Response DefaultHttpResponse(decodeResult: success, version: HTTP/1.1)
HTTP/1.1 200 OK
Content-Type: application/json; charset=utf-8
cache-control: no-cache
content-length: 14

14:21:49.779 [AsyncHttpClient-1-2] DEBUG org.asynchttpclient.netty.channel.ChannelManager - Adding key: http://localhost:60635 for channel [id: 0xe96c301d, L:/127.0.0.1:51495 - R:localhost/127.0.0.1:60635]
14:21:49.787 [Forwarding screenshot on session fe26fff410778e629f13bd955b26918d to remote] DEBUG org.asynchttpclient.netty.request.NettyRequestSender - Using pooled Channel '[id: 0xe96c301d, L:/127.0.0.1:51495 - R:localhost/127.0.0.1:60635]' for 'GET' to 'http://localhost:60635/session/fe26fff410778e629f13bd955b26918d/screenshot'
14:21:49.787 [Forwarding screenshot on session fe26fff410778e629f13bd955b26918d to remote] DEBUG org.asynchttpclient.netty.request.NettyRequestSender - Using open Channel [id: 0xe96c301d, L:/127.0.0.1:51495 - R:localhost/127.0.0.1:60635] for GET '/session/fe26fff410778e629f13bd955b26918d/screenshot'
14:21:50.212 [AsyncHttpClient-1-2] DEBUG org.asynchttpclient.netty.handler.HttpHandler - 

Request DefaultFullHttpRequest(decodeResult: success, version: HTTP/1.1, content: EmptyByteBufBE)
GET /session/fe26fff410778e629f13bd955b26918d/screenshot HTTP/1.1
User-Agent: selenium/4.1.2 (java windows)
Cache-Control: no-cache
Content-Type: application/json; charset=utf-8
host: localhost:60635
accept: */*

Response DefaultHttpResponse(decodeResult: success, version: HTTP/1.1)
HTTP/1.1 200 OK
Content-Type: application/json; charset=utf-8
cache-control: no-cache
content-length: 452540

14:21:50.231 [AsyncHttpClient-1-2] DEBUG org.asynchttpclient.netty.channel.ChannelManager - Adding key: http://localhost:60635 for channel [id: 0xe96c301d, L:/127.0.0.1:51495 - R:localhost/127.0.0.1:60635]
14:21:50.255 [main] DEBUG net.serenitybdd.core.photography.Darkroom - Send negative for processing for target\site\serenity\858052bb0131474d7b06973444ea43304886894f223650b29dfef0b702945226.png
14:21:50.255 [main] DEBUG net.thucydides.core.steps.StepInterceptor - STEP DONE: ClickButtonLogin
14:21:50.255 [Darkroom Processing Line] DEBUG net.serenitybdd.core.photography.DarkroomProcessingLine - Processing screenshot image in /var/screenshots/screenshot-3065264980707648513
14:21:50.255 [Darkroom Processing Line] DEBUG net.serenitybdd.core.photography.DarkroomProcessingLine - Saving screenshot to target\site\serenity\858052bb0131474d7b06973444ea43304886894f223650b29dfef0b702945226.png
  &amp#27;[32mAnd &amp#27;[0m&amp#27;[32mI Click button login&amp#27;[0m          &amp#27;[90m# starter.stepdefinition.LoginStepdefs.iClickButtonLogin()&amp#27;[0m
14:21:50.272 [main] DEBUG net.thucydides.core.steps.StepInterceptor - STARTING STEP: LoginStepdefs.iCanSeeMyHomePage - ValidaitonHomePage
14:21:50.280 [Forwarding findElement on session fe26fff410778e629f13bd955b26918d to remote] DEBUG org.asynchttpclient.netty.request.NettyRequestSender - Using pooled Channel '[id: 0xe96c301d, L:/127.0.0.1:51495 - R:localhost/127.0.0.1:60635]' for 'POST' to 'http://localhost:60635/session/fe26fff410778e629f13bd955b26918d/element'
14:21:50.280 [Forwarding findElement on session fe26fff410778e629f13bd955b26918d to remote] DEBUG org.asynchttpclient.netty.request.NettyRequestSender - Using open Channel [id: 0xe96c301d, L:/127.0.0.1:51495 - R:localhost/127.0.0.1:60635] for POST '/session/fe26fff410778e629f13bd955b26918d/element'
14:21:50.296 [AsyncHttpClient-1-2] DEBUG org.asynchttpclient.netty.handler.HttpHandler - 

Request DefaultHttpRequest(decodeResult: success, version: HTTP/1.1)
POST /session/fe26fff410778e629f13bd955b26918d/element HTTP/1.1
User-Agent: selenium/4.1.2 (java windows)
Content-Length: 72
Content-Type: application/json; charset=utf-8
host: localhost:60635
accept: */*

Response DefaultHttpResponse(decodeResult: success, version: HTTP/1.1)
HTTP/1.1 200 OK
Content-Type: application/json; charset=utf-8
cache-control: no-cache
content-length: 88

14:21:50.296 [AsyncHttpClient-1-2] DEBUG org.asynchttpclient.netty.channel.ChannelManager - Adding key: http://localhost:60635 for channel [id: 0xe96c301d, L:/127.0.0.1:51495 - R:localhost/127.0.0.1:60635]
14:21:50.296 [Forwarding isElementDisplayed on session fe26fff410778e629f13bd955b26918d to remote] DEBUG org.asynchttpclient.netty.request.NettyRequestSender - Using pooled Channel '[id: 0xe96c301d, L:/127.0.0.1:51495 - R:localhost/127.0.0.1:60635]' for 'POST' to 'http://localhost:60635/session/fe26fff410778e629f13bd955b26918d/execute/sync'
14:21:50.296 [Forwarding isElementDisplayed on session fe26fff410778e629f13bd955b26918d to remote] DEBUG org.asynchttpclient.netty.request.NettyRequestSender - Using open Channel [id: 0xe96c301d, L:/127.0.0.1:51495 - R:localhost/127.0.0.1:60635] for POST '/session/fe26fff410778e629f13bd955b26918d/execute/sync'
14:21:50.320 [AsyncHttpClient-1-2] DEBUG org.asynchttpclient.netty.handler.HttpHandler - 

Request DefaultHttpRequest(decodeResult: success, version: HTTP/1.1)
POST /session/fe26fff410778e629f13bd955b26918d/execute/sync HTTP/1.1
User-Agent: selenium/4.1.2 (java windows)
Content-Length: 48780
Content-Type: application/json; charset=utf-8
host: localhost:60635
accept: */*

Response DefaultHttpResponse(decodeResult: success, version: HTTP/1.1)
HTTP/1.1 200 OK
Content-Type: application/json; charset=utf-8
cache-control: no-cache
content-length: 14

14:21:50.320 [AsyncHttpClient-1-2] DEBUG org.asynchttpclient.netty.channel.ChannelManager - Adding key: http://localhost:60635 for channel [id: 0xe96c301d, L:/127.0.0.1:51495 - R:localhost/127.0.0.1:60635]
14:21:50.328 [Forwarding screenshot on session fe26fff410778e629f13bd955b26918d to remote] DEBUG org.asynchttpclient.netty.request.NettyRequestSender - Using pooled Channel '[id: 0xe96c301d, L:/127.0.0.1:51495 - R:localhost/127.0.0.1:60635]' for 'GET' to 'http://localhost:60635/session/fe26fff410778e629f13bd955b26918d/screenshot'
14:21:50.328 [Forwarding screenshot on session fe26fff410778e629f13bd955b26918d to remote] DEBUG org.asynchttpclient.netty.request.NettyRequestSender - Using open Channel [id: 0xe96c301d, L:/127.0.0.1:51495 - R:localhost/127.0.0.1:60635] for GET '/session/fe26fff410778e629f13bd955b26918d/screenshot'
14:21:50.344 [AsyncHttpClient-1-1] DEBUG org.asynchttpclient.netty.channel.DefaultChannelPool - Entry count for : http://localhost:51496 : 1
14:21:50.548 [AsyncHttpClient-1-2] DEBUG org.asynchttpclient.netty.handler.HttpHandler - 

Request DefaultFullHttpRequest(decodeResult: success, version: HTTP/1.1, content: EmptyByteBufBE)
GET /session/fe26fff410778e629f13bd955b26918d/screenshot HTTP/1.1
User-Agent: selenium/4.1.2 (java windows)
Cache-Control: no-cache
Content-Type: application/json; charset=utf-8
host: localhost:60635
accept: */*

Response DefaultHttpResponse(decodeResult: success, version: HTTP/1.1)
HTTP/1.1 200 OK
Content-Type: application/json; charset=utf-8
cache-control: no-cache
content-length: 617464

14:21:50.548 [AsyncHttpClient-1-2] DEBUG org.asynchttpclient.netty.channel.ChannelManager - Adding key: http://localhost:60635 for channel [id: 0xe96c301d, L:/127.0.0.1:51495 - R:localhost/127.0.0.1:60635]
14:21:50.588 [main] DEBUG net.serenitybdd.core.photography.Darkroom - Send negative for processing for target\site\serenity\04dc69124c2f021c73ff4169c1b49deefcc574ef15e0daa7b009baaefee3e48f.png
14:21:50.588 [main] DEBUG net.thucydides.core.steps.StepInterceptor - STEP DONE: ValidaitonHomePage
  &amp#27;[32mThen &amp#27;[0m&amp#27;[32mI can see my home page&amp#27;[0m       &amp#27;[90m# starter.stepdefinition.LoginStepdefs.iCanSeeMyHomePage()&amp#27;[0m
14:21:50.588 [Darkroom Processing Line] DEBUG net.serenitybdd.core.photography.DarkroomProcessingLine - Processing screenshot image in /var/screenshots/screenshot-6682096003165447871
14:21:50.588 [Darkroom Processing Line] DEBUG net.serenitybdd.core.photography.DarkroomProcessingLine - Saving screenshot to target\site\serenity\04dc69124c2f021c73ff4169c1b49deefcc574ef15e0daa7b009baaefee3e48f.png
14:21:50.597 [main] INFO  - 
  _____   ___   ___   _____     ___     _     ___   ___   ___   ___  
 |_   _| | __| / __| |_   _|   | _ \   /_\   / __| / __| | __| |   \ 
   | |   | _|  \__ \   | |     |  _/  / _ \  \__ \ \__ \ | _|  | |) |
   |_|   |___| |___/   |_|     |_|   /_/ \_\ |___/ |___/ |___| |___/ 

User Login Successfully
----------------------------------------------------------------------
14:21:50.710 [Driver Command Executor] DEBUG org.asynchttpclient.netty.request.NettyRequestSender - Using pooled Channel '[id: 0xe96c301d, L:/127.0.0.1:51495 - R:localhost/127.0.0.1:60635]' for 'DELETE' to 'http://localhost:60635/session/fe26fff410778e629f13bd955b26918d'
14:21:50.710 [Driver Command Executor] DEBUG org.asynchttpclient.netty.request.NettyRequestSender - Using open Channel [id: 0xe96c301d, L:/127.0.0.1:51495 - R:localhost/127.0.0.1:60635] for DELETE '/session/fe26fff410778e629f13bd955b26918d'
14:21:50.710 [AsyncHttpClient-1-4] DEBUG org.asynchttpclient.netty.handler.WebSocketHandler - Channel Closed: [id: 0x7a7823d2, L:/127.0.0.1:51503 ! R:localhost/127.0.0.1:51496] with attribute NettyResponseFuture{currentRetry=5,
	isDone=1,
	isCancelled=0,
	asyncHandler=org.asynchttpclient.ws.WebSocketUpgradeHandler@1a286a5,
	nettyRequest=org.asynchttpclient.netty.request.NettyRequest@1167571,
	future=java.util.concurrent.CompletableFuture@8fe232[Completed normally],
	uri=ws://localhost:51496/devtools/browser/98ba0245-e20c-4f03-b224-27c0ec4ed18b,
	keepAlive=true,
	redirectCount=0,
	timeoutsHolder=null,
	inAuth=0,
	touch=1657264907909}
14:21:50.710 [AsyncHttpClient-1-4] DEBUG org.asynchttpclient.netty.channel.ChannelManager - Closing Channel [id: 0x7a7823d2, L:/127.0.0.1:51503 ! R:localhost/127.0.0.1:51496] 
14:21:50.747 [AsyncHttpClient-1-3] DEBUG org.asynchttpclient.netty.handler.HttpHandler - Unexpected I/O exception on channel [id: 0x464ffd2f, L:/127.0.0.1:51502 - R:localhost/127.0.0.1:51496]
java.io.IOException: An existing connection was forcibly closed by the remote host
	at sun.nio.ch.SocketDispatcher.read0(Native Method)
	at sun.nio.ch.SocketDispatcher.read(SocketDispatcher.java:43)
	at sun.nio.ch.IOUtil.readIntoNativeBuffer(IOUtil.java:223)
	at sun.nio.ch.IOUtil.read(IOUtil.java:192)
	at sun.nio.ch.SocketChannelImpl.read(SocketChannelImpl.java:378)
	at io.netty.buffer.PooledByteBuf.setBytes(PooledByteBuf.java:258)
	at io.netty.buffer.AbstractByteBuf.writeBytes(AbstractByteBuf.java:1132)
	at io.netty.channel.socket.nio.NioSocketChannel.doReadBytes(NioSocketChannel.java:350)
	at io.netty.channel.nio.AbstractNioByteChannel$NioByteUnsafe.read(AbstractNioByteChannel.java:151)
	at io.netty.channel.nio.NioEventLoop.processSelectedKey(NioEventLoop.java:722)
	at io.netty.channel.nio.NioEventLoop.processSelectedKeysOptimized(NioEventLoop.java:658)
	at io.netty.channel.nio.NioEventLoop.processSelectedKeys(NioEventLoop.java:584)
	at io.netty.channel.nio.NioEventLoop.run(NioEventLoop.java:496)
	at io.netty.util.concurrent.SingleThreadEventExecutor$4.run(SingleThreadEventExecutor.java:986)
	at io.netty.util.internal.ThreadExecutorMap$2.run(ThreadExecutorMap.java:74)
	at io.netty.util.concurrent.FastThreadLocalRunnable.run(FastThreadLocalRunnable.java:30)
	at java.lang.Thread.run(Thread.java:750)
14:21:50.747 [AsyncHttpClient-1-3] DEBUG org.asynchttpclient.netty.channel.ChannelManager - Closing Channel [id: 0x464ffd2f, L:/127.0.0.1:51502 - R:localhost/127.0.0.1:51496] 
14:21:50.762 [AsyncHttpClient-1-3] DEBUG org.asynchttpclient.netty.handler.HttpHandler - Channel Closed: [id: 0x464ffd2f, L:/127.0.0.1:51502 ! R:localhost/127.0.0.1:51496] with attribute DISCARD
14:21:50.778 [AsyncHttpClient-1-2] DEBUG org.asynchttpclient.netty.handler.HttpHandler - 

Request DefaultFullHttpRequest(decodeResult: success, version: HTTP/1.1, content: EmptyByteBufBE)
DELETE /session/fe26fff410778e629f13bd955b26918d HTTP/1.1
User-Agent: selenium/4.1.2 (java windows)
Content-Type: application/json; charset=utf-8
host: localhost:60635
accept: */*

Response DefaultHttpResponse(decodeResult: success, version: HTTP/1.1)
HTTP/1.1 200 OK
Content-Type: application/json; charset=utf-8
cache-control: no-cache
content-length: 14

14:21:50.778 [AsyncHttpClient-1-2] DEBUG org.asynchttpclient.netty.channel.ChannelManager - Adding key: http://localhost:60635 for channel [id: 0xe96c301d, L:/127.0.0.1:51495 - R:localhost/127.0.0.1:60635]
14:21:50.858 [AsyncHttpClient-1-2] DEBUG org.asynchttpclient.netty.handler.HttpHandler - Channel Closed: [id: 0xe96c301d, L:/127.0.0.1:51495 ! R:localhost/127.0.0.1:60635] with attribute DISCARD
]]></system-out>
    <system-err><![CDATA[Starting ChromeDriver 103.0.5060.53 (a1711811edd74ff1cf2150f36ffa3b0dae40b17f-refs/branch-heads/5060@{#853}) on port 60635
Only local connections are allowed.
Please see https://chromedriver.chromium.org/security-considerations for suggestions on keeping ChromeDriver safe.
ChromeDriver was started successfully.
Jul 08, 2022 2:21:47 PM org.openqa.selenium.remote.ProtocolHandshake createSession
INFO: Detected dialect: W3C
Jul 08, 2022 2:21:47 PM org.openqa.selenium.devtools.CdpVersionFinder findNearestMatch
WARNING: Unable to find an exact match for CDP version 103, so returning the closest version found: a no-op implementation
Jul 08, 2022 2:21:47 PM org.openqa.selenium.devtools.CdpVersionFinder findNearestMatch
INFO: Unable to find CDP implementation matching 103.
Jul 08, 2022 2:21:47 PM org.openqa.selenium.chromium.ChromiumDriver lambda$new$3
WARNING: Unable to find version of CDP to use for . You may need to include a dependency on a specific version of the CDP using something similar to `org.seleniumhq.selenium:selenium-devtools-v86:4.1.2` where the version ("v86") matches the version of the chromium-based browser you're using and the version number of the artifact is the same as Selenium's.
]]></system-err>
  </testcase>
  <testcase name="User Login Unsuccessfully" classname="Login - saucedemo.com" time="4.084">
    <system-out><![CDATA[
@Login-Feature @Login-Unsuccessfully
Scenario: User Login Unsuccessfully &amp#27;[90m# src/test/resources/features/Login.feature:16&amp#27;[0m
14:21:51.397 [main] INFO io.cucumber.core.plugin.SerenityReporter - Running feature from file:///D:/AUTOMATION%20TEST/WEB/web-automation-saucedemo-with-serenity/src/test/resources/features/Login.feature
14:21:51.397 [main] INFO  - 
  _____   ___   ___   _____     ___   _____     _     ___   _____   ___   ___  
 |_   _| | __| / __| |_   _|   / __| |_   _|   /_\   | _ \ |_   _| | __| |   \ 
   | |   | _|  \__ \   | |     \__ \   | |    / _ \  |   /   | |   | _|  | |) |
   |_|   |___| |___/   |_|     |___/   |_|   /_/ \_\ |_|_\   |_|   |___| |___/ 

User Login Unsuccessfully(login---saucedemo.com;user-login-unsuccessfully)
--------------------------------------------------------------------------------
14:21:51.413 [main] DEBUG net.thucydides.core.steps.StepInterceptor - STARTING STEP: LoginStepdefs.iOpenSaucedemoLoginPage - onPage
14:21:51.413 [main] INFO net.serenitybdd.core.webdriver.driverproviders.ChromeDriverProvider - Using automatically driver download
14:21:51.431 [AsyncHttpClient-1-1] DEBUG org.asynchttpclient.netty.channel.DefaultChannelPool - Entry count for : http://localhost:60635 : 1
14:21:51.431 [AsyncHttpClient-1-1] DEBUG org.asynchttpclient.netty.channel.DefaultChannelPool - Entry count for : http://localhost:51496 : 1
14:21:51.431 [AsyncHttpClient-1-1] DEBUG org.asynchttpclient.netty.channel.DefaultChannelPool - Adding Candidate expired Channel [id: 0xe96c301d, L:/127.0.0.1:51495 ! R:localhost/127.0.0.1:60635] isIdleTimeoutExpired=false isRemotelyClosed=true isTtlExpired=false
14:21:51.431 [AsyncHttpClient-1-1] DEBUG org.asynchttpclient.netty.channel.DefaultChannelPool - Closing Idle Channel [id: 0xe96c301d, L:/127.0.0.1:51495 ! R:localhost/127.0.0.1:60635]
14:21:51.431 [AsyncHttpClient-1-1] DEBUG org.asynchttpclient.netty.channel.DefaultChannelPool - Adding Candidate expired Channel [id: 0x464ffd2f, L:/127.0.0.1:51502 ! R:localhost/127.0.0.1:51496] isIdleTimeoutExpired=false isRemotelyClosed=true isTtlExpired=false
14:21:51.431 [AsyncHttpClient-1-1] DEBUG org.asynchttpclient.netty.channel.DefaultChannelPool - Closing Idle Channel [id: 0x464ffd2f, L:/127.0.0.1:51502 ! R:localhost/127.0.0.1:51496]
14:21:51.431 [AsyncHttpClient-1-1] DEBUG org.asynchttpclient.netty.channel.DefaultChannelPool - Closed 2 connections out of 2 in 0 ms
14:21:51.540 [main] DEBUG io.github.bonigarcia.wdm.cache.ResolutionCache - Resolution chrome=103 in cache (valid until 15:05:31 08/07/2022 ICT)
14:21:51.540 [main] DEBUG io.github.bonigarcia.wdm.cache.ResolutionCache - Resolution chrome103=103.0.5060.53 in cache (valid until 21:24:13 08/07/2022 ICT)
14:21:51.540 [main] INFO io.github.bonigarcia.wdm.WebDriverManager - Using chromedriver 103.0.5060.53 (resolved driver for Chrome 103)
14:21:51.556 [main] DEBUG io.github.bonigarcia.wdm.WebDriverManager - Driver chromedriver 103.0.5060.53 found in cache
14:21:51.556 [main] INFO io.github.bonigarcia.wdm.WebDriverManager - Exporting webdriver.chrome.driver as C:\Users\ASUS\.cache\selenium\chromedriver\win32\103.0.5060.53\chromedriver.exe
14:21:51.650 [main] DEBUG net.serenitybdd.core.webdriver.driverproviders.ProvideNewDriver - Instantiating driver
14:21:51.650 [main] DEBUG net.serenitybdd.core.webdriver.driverproviders.ProvideNewDriver - Driver capabilities: Capabilities {acceptInsecureCerts: false, base.url: https://www.saucedemo.com/, browserName: chrome, chrome.driver: src/test/resources/webdrive..., driver: chrome, goog:chromeOptions: {args: [], extensions: []}}
14:21:52.193 [AsyncHttpClient-1-5] DEBUG org.asynchttpclient.netty.channel.NettyConnectListener - Using new Channel '[id: 0x71c2d604, L:/127.0.0.1:51515 - R:localhost/127.0.0.1:61064]' for 'POST' to '/session'
14:21:52.928 [AsyncHttpClient-1-5] DEBUG org.asynchttpclient.netty.handler.HttpHandler - 

Request DefaultHttpRequest(decodeResult: success, version: HTTP/1.1)
POST /session HTTP/1.1
User-Agent: selenium/4.1.2 (java windows)
Content-Length: 612
Content-Type: application/json; charset=utf-8
host: localhost:61064
accept: */*

Response DefaultHttpResponse(decodeResult: success, version: HTTP/1.1)
HTTP/1.1 200 OK
Content-Type: application/json; charset=utf-8
cache-control: no-cache
content-length: 788

14:21:52.928 [AsyncHttpClient-1-5] DEBUG org.asynchttpclient.netty.channel.ChannelManager - Adding key: http://localhost:61064 for channel [id: 0x71c2d604, L:/127.0.0.1:51515 - R:localhost/127.0.0.1:61064]
14:21:52.928 [AsyncHttpClient-1-6] DEBUG org.asynchttpclient.netty.channel.NettyConnectListener - Using new Channel '[id: 0x8c5e983b, L:/127.0.0.1:51522 - R:localhost/127.0.0.1:51516]' for 'GET' to '/json/version'
14:21:52.928 [AsyncHttpClient-1-6] DEBUG org.asynchttpclient.netty.handler.HttpHandler - 

Request DefaultFullHttpRequest(decodeResult: success, version: HTTP/1.1, content: EmptyByteBufBE)
GET /json/version HTTP/1.1
User-Agent: selenium/4.1.2 (java windows)
host: localhost:51516
accept: */*

Response DefaultHttpResponse(decodeResult: success, version: HTTP/1.1)
HTTP/1.1 200 OK
Content-Type: application/json; charset=UTF-8
content-length: 429

14:21:52.944 [AsyncHttpClient-1-6] DEBUG org.asynchttpclient.netty.channel.ChannelManager - Adding key: http://localhost:51516 for channel [id: 0x8c5e983b, L:/127.0.0.1:51522 - R:localhost/127.0.0.1:51516]
14:21:52.944 [AsyncHttpClient-1-7] DEBUG org.asynchttpclient.netty.channel.NettyConnectListener - Using new Channel '[id: 0xb994cf4d, L:/127.0.0.1:51523 - R:localhost/127.0.0.1:51516]' for 'GET' to '/devtools/browser/50322a71-b49c-46c6-9c98-b89c38b99374'
14:21:52.944 [AsyncHttpClient-1-7] DEBUG org.asynchttpclient.netty.handler.WebSocketHandler - 

Request DefaultFullHttpRequest(decodeResult: success, version: HTTP/1.1, content: EmptyByteBufBE)
GET /devtools/browser/50322a71-b49c-46c6-9c98-b89c38b99374 HTTP/1.1
upgrade: websocket
connection: upgrade
sec-websocket-key: rOl/F5jeqd7Xj1RTSFqWtA==
sec-websocket-version: 13
origin: http://localhost:51516
host: localhost:51516
accept: */*
user-agent: AHC/2.1

Response DefaultHttpResponse(decodeResult: success, version: HTTP/1.1)
HTTP/1.1 101 WebSocket Protocol Handshake
Upgrade: WebSocket
Connection: Upgrade
Sec-WebSocket-Accept: Wy8S6k/lI3drOEW80DCIuy2DPbI=

14:21:52.944 [Forwarding get on session d70b313a987d5ecb0ebbb14680057910 to remote] DEBUG org.asynchttpclient.netty.request.NettyRequestSender - Using pooled Channel '[id: 0x71c2d604, L:/127.0.0.1:51515 - R:localhost/127.0.0.1:61064]' for 'POST' to 'http://localhost:61064/session/d70b313a987d5ecb0ebbb14680057910/url'
14:21:52.944 [Forwarding get on session d70b313a987d5ecb0ebbb14680057910 to remote] DEBUG org.asynchttpclient.netty.request.NettyRequestSender - Using open Channel [id: 0x71c2d604, L:/127.0.0.1:51515 - R:localhost/127.0.0.1:61064] for POST '/session/d70b313a987d5ecb0ebbb14680057910/url'
14:21:53.276 [AsyncHttpClient-1-5] DEBUG org.asynchttpclient.netty.handler.HttpHandler - 

Request DefaultHttpRequest(decodeResult: success, version: HTTP/1.1)
POST /session/d70b313a987d5ecb0ebbb14680057910/url HTTP/1.1
User-Agent: selenium/4.1.2 (java windows)
Content-Length: 56
Content-Type: application/json; charset=utf-8
host: localhost:61064
accept: */*

Response DefaultHttpResponse(decodeResult: success, version: HTTP/1.1)
HTTP/1.1 200 OK
Content-Type: application/json; charset=utf-8
cache-control: no-cache
content-length: 14

14:21:53.284 [AsyncHttpClient-1-5] DEBUG org.asynchttpclient.netty.channel.ChannelManager - Adding key: http://localhost:61064 for channel [id: 0x71c2d604, L:/127.0.0.1:51515 - R:localhost/127.0.0.1:61064]
14:21:53.284 [Forwarding setTimeout on session d70b313a987d5ecb0ebbb14680057910 to remote] DEBUG org.asynchttpclient.netty.request.NettyRequestSender - Using pooled Channel '[id: 0x71c2d604, L:/127.0.0.1:51515 - R:localhost/127.0.0.1:61064]' for 'POST' to 'http://localhost:61064/session/d70b313a987d5ecb0ebbb14680057910/timeouts'
14:21:53.284 [Forwarding setTimeout on session d70b313a987d5ecb0ebbb14680057910 to remote] DEBUG org.asynchttpclient.netty.request.NettyRequestSender - Using open Channel [id: 0x71c2d604, L:/127.0.0.1:51515 - R:localhost/127.0.0.1:61064] for POST '/session/d70b313a987d5ecb0ebbb14680057910/timeouts'
14:21:53.284 [AsyncHttpClient-1-5] DEBUG org.asynchttpclient.netty.handler.HttpHandler - 

Request DefaultHttpRequest(decodeResult: success, version: HTTP/1.1)
POST /session/d70b313a987d5ecb0ebbb14680057910/timeouts HTTP/1.1
User-Agent: selenium/4.1.2 (java windows)
Content-Length: 22
Content-Type: application/json; charset=utf-8
host: localhost:61064
accept: */*

Response DefaultHttpResponse(decodeResult: success, version: HTTP/1.1)
HTTP/1.1 200 OK
Content-Type: application/json; charset=utf-8
cache-control: no-cache
content-length: 14

14:21:53.284 [AsyncHttpClient-1-5] DEBUG org.asynchttpclient.netty.channel.ChannelManager - Adding key: http://localhost:61064 for channel [id: 0x71c2d604, L:/127.0.0.1:51515 - R:localhost/127.0.0.1:61064]
14:21:53.292 [Forwarding getCurrentUrl on session d70b313a987d5ecb0ebbb14680057910 to remote] DEBUG org.asynchttpclient.netty.request.NettyRequestSender - Using pooled Channel '[id: 0x71c2d604, L:/127.0.0.1:51515 - R:localhost/127.0.0.1:61064]' for 'GET' to 'http://localhost:61064/session/d70b313a987d5ecb0ebbb14680057910/url'
14:21:53.292 [Forwarding getCurrentUrl on session d70b313a987d5ecb0ebbb14680057910 to remote] DEBUG org.asynchttpclient.netty.request.NettyRequestSender - Using open Channel [id: 0x71c2d604, L:/127.0.0.1:51515 - R:localhost/127.0.0.1:61064] for GET '/session/d70b313a987d5ecb0ebbb14680057910/url'
14:21:53.301 [AsyncHttpClient-1-5] DEBUG org.asynchttpclient.netty.handler.HttpHandler - 

Request DefaultFullHttpRequest(decodeResult: success, version: HTTP/1.1, content: EmptyByteBufBE)
GET /session/d70b313a987d5ecb0ebbb14680057910/url HTTP/1.1
User-Agent: selenium/4.1.2 (java windows)
Cache-Control: no-cache
Content-Type: application/json; charset=utf-8
host: localhost:61064
accept: */*

Response DefaultHttpResponse(decodeResult: success, version: HTTP/1.1)
HTTP/1.1 200 OK
Content-Type: application/json; charset=utf-8
cache-control: no-cache
content-length: 38

14:21:53.301 [AsyncHttpClient-1-5] DEBUG org.asynchttpclient.netty.channel.ChannelManager - Adding key: http://localhost:61064 for channel [id: 0x71c2d604, L:/127.0.0.1:51515 - R:localhost/127.0.0.1:61064]
14:21:53.316 [Forwarding getCurrentUrl on session d70b313a987d5ecb0ebbb14680057910 to remote] DEBUG org.asynchttpclient.netty.request.NettyRequestSender - Using pooled Channel '[id: 0x71c2d604, L:/127.0.0.1:51515 - R:localhost/127.0.0.1:61064]' for 'GET' to 'http://localhost:61064/session/d70b313a987d5ecb0ebbb14680057910/url'
14:21:53.316 [Forwarding getCurrentUrl on session d70b313a987d5ecb0ebbb14680057910 to remote] DEBUG org.asynchttpclient.netty.request.NettyRequestSender - Using open Channel [id: 0x71c2d604, L:/127.0.0.1:51515 - R:localhost/127.0.0.1:61064] for GET '/session/d70b313a987d5ecb0ebbb14680057910/url'
14:21:53.324 [AsyncHttpClient-1-5] DEBUG org.asynchttpclient.netty.handler.HttpHandler - 

Request DefaultFullHttpRequest(decodeResult: success, version: HTTP/1.1, content: EmptyByteBufBE)
GET /session/d70b313a987d5ecb0ebbb14680057910/url HTTP/1.1
User-Agent: selenium/4.1.2 (java windows)
Cache-Control: no-cache
Content-Type: application/json; charset=utf-8
host: localhost:61064
accept: */*

Response DefaultHttpResponse(decodeResult: success, version: HTTP/1.1)
HTTP/1.1 200 OK
Content-Type: application/json; charset=utf-8
cache-control: no-cache
content-length: 38

14:21:53.324 [AsyncHttpClient-1-5] DEBUG org.asynchttpclient.netty.channel.ChannelManager - Adding key: http://localhost:61064 for channel [id: 0x71c2d604, L:/127.0.0.1:51515 - R:localhost/127.0.0.1:61064]
14:21:53.332 [Forwarding screenshot on session d70b313a987d5ecb0ebbb14680057910 to remote] DEBUG org.asynchttpclient.netty.request.NettyRequestSender - Using pooled Channel '[id: 0x71c2d604, L:/127.0.0.1:51515 - R:localhost/127.0.0.1:61064]' for 'GET' to 'http://localhost:61064/session/d70b313a987d5ecb0ebbb14680057910/screenshot'
[...]
14:22:06.226 [AsyncHttpClient-1-11] DEBUG org.asynchttpclient.netty.handler.HttpHandler - 

Request DefaultFullHttpRequest(decodeResult: success, version: HTTP/1.1, content: EmptyByteBufBE)
GET /session/fd44894498d09d9959e51cbf870ac544/element/3c67d34c-17d2-45a9-b99c-edeca0ccfcb1/enabled HTTP/1.1
User-Agent: selenium/4.1.2 (java windows)
Cache-Control: no-cache
Content-Type: application/json; charset=utf-8
host: localhost:63183
accept: */*

Response DefaultHttpResponse(decodeResult: success, version: HTTP/1.1)
HTTP/1.1 200 OK
Content-Type: application/json; charset=utf-8
cache-control: no-cache
content-length: 14

14:22:06.226 [AsyncHttpClient-1-11] DEBUG org.asynchttpclient.netty.channel.ChannelManager - Adding key: http://localhost:63183 for channel [id: 0xc63a6d85, L:/127.0.0.1:51555 - R:localhost/127.0.0.1:63183]
14:22:06.226 [Forwarding isElementEnabled on session fd44894498d09d9959e51cbf870ac544 to remote] DEBUG org.asynchttpclient.netty.request.NettyRequestSender - Using pooled Channel '[id: 0xc63a6d85, L:/127.0.0.1:51555 - R:localhost/127.0.0.1:63183]' for 'GET' to 'http://localhost:63183/session/fd44894498d09d9959e51cbf870ac544/element/3c67d34c-17d2-45a9-b99c-edeca0ccfcb1/enabled'
14:22:06.226 [Forwarding isElementEnabled on session fd44894498d09d9959e51cbf870ac544 to remote] DEBUG org.asynchttpclient.netty.request.NettyRequestSender - Using open Channel [id: 0xc63a6d85, L:/127.0.0.1:51555 - R:localhost/127.0.0.1:63183] for GET '/session/fd44894498d09d9959e51cbf870ac544/element/3c67d34c-17d2-45a9-b99c-edeca0ccfcb1/enabled'
14:22:06.242 [AsyncHttpClient-1-11] DEBUG org.asynchttpclient.netty.handler.HttpHandler - 

Request DefaultFullHttpRequest(decodeResult: success, version: HTTP/1.1, content: EmptyByteBufBE)
GET /session/fd44894498d09d9959e51cbf870ac544/element/3c67d34c-17d2-45a9-b99c-edeca0ccfcb1/enabled HTTP/1.1
User-Agent: selenium/4.1.2 (java windows)
Cache-Control: no-cache
Content-Type: application/json; charset=utf-8
host: localhost:63183
accept: */*

Response DefaultHttpResponse(decodeResult: success, version: HTTP/1.1)
HTTP/1.1 200 OK
Content-Type: application/json; charset=utf-8
cache-control: no-cache
content-length: 14

14:22:06.242 [AsyncHttpClient-1-11] DEBUG org.asynchttpclient.netty.channel.ChannelManager - Adding key: http://localhost:63183 for channel [id: 0xc63a6d85, L:/127.0.0.1:51555 - R:localhost/127.0.0.1:63183]
14:22:06.242 [Forwarding findElement on session fd44894498d09d9959e51cbf870ac544 to remote] DEBUG org.asynchttpclient.netty.request.NettyRequestSender - Using pooled Channel '[id: 0xc63a6d85, L:/127.0.0.1:51555 - R:localhost/127.0.0.1:63183]' for 'POST' to 'http://localhost:63183/session/fd44894498d09d9959e51cbf870ac544/element'
14:22:06.242 [Forwarding findElement on session fd44894498d09d9959e51cbf870ac544 to remote] DEBUG org.asynchttpclient.netty.request.NettyRequestSender - Using open Channel [id: 0xc63a6d85, L:/127.0.0.1:51555 - R:localhost/127.0.0.1:63183] for POST '/session/fd44894498d09d9959e51cbf870ac544/element'
14:22:06.250 [AsyncHttpClient-1-11] DEBUG org.asynchttpclient.netty.handler.HttpHandler - 

Request DefaultHttpRequest(decodeResult: success, version: HTTP/1.1)
POST /session/fd44894498d09d9959e51cbf870ac544/element HTTP/1.1
User-Agent: selenium/4.1.2 (java windows)
Content-Length: 51
Content-Type: application/json; charset=utf-8
host: localhost:63183
accept: */*

Response DefaultHttpResponse(decodeResult: success, version: HTTP/1.1)
HTTP/1.1 200 OK
Content-Type: application/json; charset=utf-8
cache-control: no-cache
content-length: 88

14:22:06.250 [AsyncHttpClient-1-11] DEBUG org.asynchttpclient.netty.channel.ChannelManager - Adding key: http://localhost:63183 for channel [id: 0xc63a6d85, L:/127.0.0.1:51555 - R:localhost/127.0.0.1:63183]
14:22:06.258 [Forwarding clickElement on session fd44894498d09d9959e51cbf870ac544 to remote] DEBUG org.asynchttpclient.netty.request.NettyRequestSender - Using pooled Channel '[id: 0xc63a6d85, L:/127.0.0.1:51555 - R:localhost/127.0.0.1:63183]' for 'POST' to 'http://localhost:63183/session/fd44894498d09d9959e51cbf870ac544/element/3c67d34c-17d2-45a9-b99c-edeca0ccfcb1/click'
14:22:06.258 [Forwarding clickElement on session fd44894498d09d9959e51cbf870ac544 to remote] DEBUG org.asynchttpclient.netty.request.NettyRequestSender - Using open Channel [id: 0xc63a6d85, L:/127.0.0.1:51555 - R:localhost/127.0.0.1:63183] for POST '/session/fd44894498d09d9959e51cbf870ac544/element/3c67d34c-17d2-45a9-b99c-edeca0ccfcb1/click'
14:22:06.314 [AsyncHttpClient-1-11] DEBUG org.asynchttpclient.netty.handler.HttpHandler - 

Request DefaultHttpRequest(decodeResult: success, version: HTTP/1.1)
POST /session/fd44894498d09d9959e51cbf870ac544/element/3c67d34c-17d2-45a9-b99c-edeca0ccfcb1/click HTTP/1.1
User-Agent: selenium/4.1.2 (java windows)
Content-Length: 50
Content-Type: application/json; charset=utf-8
host: localhost:63183
accept: */*

Response DefaultHttpResponse(decodeResult: success, version: HTTP/1.1)
HTTP/1.1 200 OK
Content-Type: application/json; charset=utf-8
cache-control: no-cache
content-length: 14

14:22:06.314 [AsyncHttpClient-1-11] DEBUG org.asynchttpclient.netty.channel.ChannelManager - Adding key: http://localhost:63183 for channel [id: 0xc63a6d85, L:/127.0.0.1:51555 - R:localhost/127.0.0.1:63183]
14:22:06.322 [Forwarding screenshot on session fd44894498d09d9959e51cbf870ac544 to remote] DEBUG org.asynchttpclient.netty.request.NettyRequestSender - Using pooled Channel '[id: 0xc63a6d85, L:/127.0.0.1:51555 - R:localhost/127.0.0.1:63183]' for 'GET' to 'http://localhost:63183/session/fd44894498d09d9959e51cbf870ac544/screenshot'
14:22:06.322 [Forwarding screenshot on session fd44894498d09d9959e51cbf870ac544 to remote] DEBUG org.asynchttpclient.netty.request.NettyRequestSender - Using open Channel [id: 0xc63a6d85, L:/127.0.0.1:51555 - R:localhost/127.0.0.1:63183] for GET '/session/fd44894498d09d9959e51cbf870ac544/screenshot'
14:22:06.515 [AsyncHttpClient-1-11] DEBUG org.asynchttpclient.netty.handler.HttpHandler - 

Request DefaultFullHttpRequest(decodeResult: success, version: HTTP/1.1, content: EmptyByteBufBE)
GET /session/fd44894498d09d9959e51cbf870ac544/screenshot HTTP/1.1
User-Agent: selenium/4.1.2 (java windows)
Cache-Control: no-cache
Content-Type: application/json; charset=utf-8
host: localhost:63183
accept: */*

Response DefaultHttpResponse(decodeResult: success, version: HTTP/1.1)
HTTP/1.1 200 OK
Content-Type: application/json; charset=utf-8
cache-control: no-cache
content-length: 169584

14:22:06.515 [AsyncHttpClient-1-11] DEBUG org.asynchttpclient.netty.channel.ChannelManager - Adding key: http://localhost:63183 for channel [id: 0xc63a6d85, L:/127.0.0.1:51555 - R:localhost/127.0.0.1:63183]
14:22:06.531 [main] DEBUG net.serenitybdd.core.photography.Darkroom - Send negative for processing for target\site\serenity\85724310e607fea5b1e3c12ca7c3c334a8936bd34be07eda8c741edc8c16f270.png
14:22:06.531 [main] DEBUG net.thucydides.core.steps.StepInterceptor - STEP DONE: ClickbuttonFinish
14:22:06.531 [Darkroom Processing Line] DEBUG net.serenitybdd.core.photography.DarkroomProcessingLine - Processing screenshot image in /var/screenshots/screenshot-4752208473213501325
  &amp#27;[32mAnd &amp#27;[0m&amp#27;[32mI click button finish&amp#27;[0m                          &amp#27;[90m# starter.stepdefinition.CheckoutStepdefs.iClickButtonFinish()&amp#27;[0m
14:22:06.531 [Darkroom Processing Line] DEBUG net.serenitybdd.core.photography.DarkroomProcessingLine - Saving screenshot to target\site\serenity\85724310e607fea5b1e3c12ca7c3c334a8936bd34be07eda8c741edc8c16f270.png
14:22:06.562 [main] DEBUG net.thucydides.core.steps.StepInterceptor - STARTING STEP: CheckoutStepdefs.iFinishTheOrder - ViewFinishOrder
14:22:06.569 [Forwarding findElement on session fd44894498d09d9959e51cbf870ac544 to remote] DEBUG org.asynchttpclient.netty.request.NettyRequestSender - Using pooled Channel '[id: 0xc63a6d85, L:/127.0.0.1:51555 - R:localhost/127.0.0.1:63183]' for 'POST' to 'http://localhost:63183/session/fd44894498d09d9959e51cbf870ac544/element'
14:22:06.569 [Forwarding findElement on session fd44894498d09d9959e51cbf870ac544 to remote] DEBUG org.asynchttpclient.netty.request.NettyRequestSender - Using open Channel [id: 0xc63a6d85, L:/127.0.0.1:51555 - R:localhost/127.0.0.1:63183] for POST '/session/fd44894498d09d9959e51cbf870ac544/element'
14:22:06.585 [AsyncHttpClient-1-11] DEBUG org.asynchttpclient.netty.handler.HttpHandler - 

Request DefaultHttpRequest(decodeResult: success, version: HTTP/1.1)
POST /session/fd44894498d09d9959e51cbf870ac544/element HTTP/1.1
User-Agent: selenium/4.1.2 (java windows)
Content-Length: 86
Content-Type: application/json; charset=utf-8
host: localhost:63183
accept: */*

Response DefaultHttpResponse(decodeResult: success, version: HTTP/1.1)
HTTP/1.1 200 OK
Content-Type: application/json; charset=utf-8
cache-control: no-cache
content-length: 88

14:22:06.585 [AsyncHttpClient-1-11] DEBUG org.asynchttpclient.netty.channel.ChannelManager - Adding key: http://localhost:63183 for channel [id: 0xc63a6d85, L:/127.0.0.1:51555 - R:localhost/127.0.0.1:63183]
14:22:06.585 [Forwarding isElementDisplayed on session fd44894498d09d9959e51cbf870ac544 to remote] DEBUG org.asynchttpclient.netty.request.NettyRequestSender - Using pooled Channel '[id: 0xc63a6d85, L:/127.0.0.1:51555 - R:localhost/127.0.0.1:63183]' for 'POST' to 'http://localhost:63183/session/fd44894498d09d9959e51cbf870ac544/execute/sync'
14:22:06.585 [Forwarding isElementDisplayed on session fd44894498d09d9959e51cbf870ac544 to remote] DEBUG org.asynchttpclient.netty.request.NettyRequestSender - Using open Channel [id: 0xc63a6d85, L:/127.0.0.1:51555 - R:localhost/127.0.0.1:63183] for POST '/session/fd44894498d09d9959e51cbf870ac544/execute/sync'
14:22:06.601 [AsyncHttpClient-1-11] DEBUG org.asynchttpclient.netty.handler.HttpHandler - 

Request DefaultHttpRequest(decodeResult: success, version: HTTP/1.1)
POST /session/fd44894498d09d9959e51cbf870ac544/execute/sync HTTP/1.1
User-Agent: selenium/4.1.2 (java windows)
Content-Length: 48780
Content-Type: application/json; charset=utf-8
host: localhost:63183
accept: */*

Response DefaultHttpResponse(decodeResult: success, version: HTTP/1.1)
HTTP/1.1 200 OK
Content-Type: application/json; charset=utf-8
cache-control: no-cache
content-length: 14

14:22:06.601 [AsyncHttpClient-1-11] DEBUG org.asynchttpclient.netty.channel.ChannelManager - Adding key: http://localhost:63183 for channel [id: 0xc63a6d85, L:/127.0.0.1:51555 - R:localhost/127.0.0.1:63183]
14:22:06.609 [Forwarding isElementDisplayed on session fd44894498d09d9959e51cbf870ac544 to remote] DEBUG org.asynchttpclient.netty.request.NettyRequestSender - Using pooled Channel '[id: 0xc63a6d85, L:/127.0.0.1:51555 - R:localhost/127.0.0.1:63183]' for 'POST' to 'http://localhost:63183/session/fd44894498d09d9959e51cbf870ac544/execute/sync'
14:22:06.609 [Forwarding isElementDisplayed on session fd44894498d09d9959e51cbf870ac544 to remote] DEBUG org.asynchttpclient.netty.request.NettyRequestSender - Using open Channel [id: 0xc63a6d85, L:/127.0.0.1:51555 - R:localhost/127.0.0.1:63183] for POST '/session/fd44894498d09d9959e51cbf870ac544/execute/sync'
14:22:06.626 [AsyncHttpClient-1-11] DEBUG org.asynchttpclient.netty.handler.HttpHandler - 

Request DefaultHttpRequest(decodeResult: success, version: HTTP/1.1)
POST /session/fd44894498d09d9959e51cbf870ac544/execute/sync HTTP/1.1
User-Agent: selenium/4.1.2 (java windows)
Content-Length: 48780
Content-Type: application/json; charset=utf-8
host: localhost:63183
accept: */*

Response DefaultHttpResponse(decodeResult: success, version: HTTP/1.1)
HTTP/1.1 200 OK
Content-Type: application/json; charset=utf-8
cache-control: no-cache
content-length: 14

14:22:06.626 [AsyncHttpClient-1-11] DEBUG org.asynchttpclient.netty.channel.ChannelManager - Adding key: http://localhost:63183 for channel [id: 0xc63a6d85, L:/127.0.0.1:51555 - R:localhost/127.0.0.1:63183]
14:22:06.626 [Forwarding screenshot on session fd44894498d09d9959e51cbf870ac544 to remote] DEBUG org.asynchttpclient.netty.request.NettyRequestSender - Using pooled Channel '[id: 0xc63a6d85, L:/127.0.0.1:51555 - R:localhost/127.0.0.1:63183]' for 'GET' to 'http://localhost:63183/session/fd44894498d09d9959e51cbf870ac544/screenshot'
14:22:06.626 [Forwarding screenshot on session fd44894498d09d9959e51cbf870ac544 to remote] DEBUG org.asynchttpclient.netty.request.NettyRequestSender - Using open Channel [id: 0xc63a6d85, L:/127.0.0.1:51555 - R:localhost/127.0.0.1:63183] for GET '/session/fd44894498d09d9959e51cbf870ac544/screenshot'
14:22:06.795 [AsyncHttpClient-1-11] DEBUG org.asynchttpclient.netty.handler.HttpHandler - 

Request DefaultFullHttpRequest(decodeResult: success, version: HTTP/1.1, content: EmptyByteBufBE)
GET /session/fd44894498d09d9959e51cbf870ac544/screenshot HTTP/1.1
User-Agent: selenium/4.1.2 (java windows)
Cache-Control: no-cache
Content-Type: application/json; charset=utf-8
host: localhost:63183
accept: */*

Response DefaultHttpResponse(decodeResult: success, version: HTTP/1.1)
HTTP/1.1 200 OK
Content-Type: application/json; charset=utf-8
cache-control: no-cache
content-length: 169584

14:22:06.803 [AsyncHttpClient-1-11] DEBUG org.asynchttpclient.netty.channel.ChannelManager - Adding key: http://localhost:63183 for channel [id: 0xc63a6d85, L:/127.0.0.1:51555 - R:localhost/127.0.0.1:63183]
14:22:06.811 [main] DEBUG net.serenitybdd.core.photography.Darkroom - Send negative for processing for target\site\serenity\85724310e607fea5b1e3c12ca7c3c334a8936bd34be07eda8c741edc8c16f270.png
14:22:06.811 [main] DEBUG net.thucydides.core.steps.StepInterceptor - STEP DONE: ViewFinishOrder
  &amp#27;[32mThen &amp#27;[0m&amp#27;[32mI finish the order&amp#27;[0m                            &amp#27;[90m# starter.stepdefinition.CheckoutStepdefs.iFinishTheOrder()&amp#27;[0m
14:22:06.819 [main] INFO  - 
  _____   ___   ___   _____     ___     _     ___   ___   ___   ___  
 |_   _| | __| / __| |_   _|   | _ \   /_\   / __| / __| | __| |   \ 
   | |   | _|  \__ \   | |     |  _/  / _ \  \__ \ \__ \ | _|  | |) |
   |_|   |___| |___/   |_|     |_|   /_/ \_\ |___/ |___/ |___| |___/ 

user successfully checkout product in cart
----------------------------------------------------------------------
14:22:06.819 [AsyncHttpClient-1-13] DEBUG org.asynchttpclient.netty.handler.WebSocketHandler - Channel Closed: [id: 0xaa192c48, L:/127.0.0.1:51563 ! R:localhost/127.0.0.1:51556] with attribute NettyResponseFuture{currentRetry=5,
	isDone=1,
	isCancelled=0,
	asyncHandler=org.asynchttpclient.ws.WebSocketUpgradeHandler@761836,
	nettyRequest=org.asynchttpclient.netty.request.NettyRequest@174971c,
	future=java.util.concurrent.CompletableFuture@93c9f7[Completed normally],
	uri=ws://localhost:51556/devtools/browser/5c3370b1-3246-4cb4-952f-ea6e38766316,
	keepAlive=true,
	redirectCount=0,
	timeoutsHolder=null,
	inAuth=0,
	touch=1657264922084}
14:22:06.819 [AsyncHttpClient-1-13] DEBUG org.asynchttpclient.netty.channel.ChannelManager - Closing Channel [id: 0xaa192c48, L:/127.0.0.1:51563 ! R:localhost/127.0.0.1:51556] 
14:22:06.819 [Driver Command Executor] DEBUG org.asynchttpclient.netty.request.NettyRequestSender - Using pooled Channel '[id: 0xc63a6d85, L:/127.0.0.1:51555 - R:localhost/127.0.0.1:63183]' for 'DELETE' to 'http://localhost:63183/session/fd44894498d09d9959e51cbf870ac544'
14:22:06.819 [Driver Command Executor] DEBUG org.asynchttpclient.netty.request.NettyRequestSender - Using open Channel [id: 0xc63a6d85, L:/127.0.0.1:51555 - R:localhost/127.0.0.1:63183] for DELETE '/session/fd44894498d09d9959e51cbf870ac544'
14:22:06.835 [AsyncHttpClient-1-1] DEBUG org.asynchttpclient.netty.channel.DefaultChannelPool - Entry count for : http://localhost:51556 : 1
14:22:06.915 [AsyncHttpClient-1-12] DEBUG org.asynchttpclient.netty.handler.HttpHandler - Unexpected I/O exception on channel [id: 0x3fb52b6d, L:/127.0.0.1:51562 - R:localhost/127.0.0.1:51556]
java.io.IOException: An existing connection was forcibly closed by the remote host
	at sun.nio.ch.SocketDispatcher.read0(Native Method)
	at sun.nio.ch.SocketDispatcher.read(SocketDispatcher.java:43)
	at sun.nio.ch.IOUtil.readIntoNativeBuffer(IOUtil.java:223)
	at sun.nio.ch.IOUtil.read(IOUtil.java:192)
	at sun.nio.ch.SocketChannelImpl.read(SocketChannelImpl.java:378)
	at io.netty.buffer.PooledByteBuf.setBytes(PooledByteBuf.java:258)
	at io.netty.buffer.AbstractByteBuf.writeBytes(AbstractByteBuf.java:1132)
	at io.netty.channel.socket.nio.NioSocketChannel.doReadBytes(NioSocketChannel.java:350)
	at io.netty.channel.nio.AbstractNioByteChannel$NioByteUnsafe.read(AbstractNioByteChannel.java:151)
	at io.netty.channel.nio.NioEventLoop.processSelectedKey(NioEventLoop.java:722)
	at io.netty.channel.nio.NioEventLoop.processSelectedKeysOptimized(NioEventLoop.java:658)
	at io.netty.channel.nio.NioEventLoop.processSelectedKeys(NioEventLoop.java:584)
	at io.netty.channel.nio.NioEventLoop.run(NioEventLoop.java:496)
	at io.netty.util.concurrent.SingleThreadEventExecutor$4.run(SingleThreadEventExecutor.java:986)
	at io.netty.util.internal.ThreadExecutorMap$2.run(ThreadExecutorMap.java:74)
	at io.netty.util.concurrent.FastThreadLocalRunnable.run(FastThreadLocalRunnable.java:30)
	at java.lang.Thread.run(Thread.java:750)
14:22:06.915 [AsyncHttpClient-1-12] DEBUG org.asynchttpclient.netty.channel.ChannelManager - Closing Channel [id: 0x3fb52b6d, L:/127.0.0.1:51562 - R:localhost/127.0.0.1:51556] 
14:22:06.915 [AsyncHttpClient-1-12] DEBUG org.asynchttpclient.netty.handler.HttpHandler - Channel Closed: [id: 0x3fb52b6d, L:/127.0.0.1:51562 ! R:localhost/127.0.0.1:51556] with attribute DISCARD
14:22:07.013 [AsyncHttpClient-1-11] DEBUG org.asynchttpclient.netty.handler.HttpHandler - 

Request DefaultFullHttpRequest(decodeResult: success, version: HTTP/1.1, content: EmptyByteBufBE)
DELETE /session/fd44894498d09d9959e51cbf870ac544 HTTP/1.1
User-Agent: selenium/4.1.2 (java windows)
Content-Type: application/json; charset=utf-8
host: localhost:63183
accept: */*

Response DefaultHttpResponse(decodeResult: success, version: HTTP/1.1)
HTTP/1.1 200 OK
Content-Type: application/json; charset=utf-8
cache-control: no-cache
content-length: 14

14:22:07.013 [AsyncHttpClient-1-11] DEBUG org.asynchttpclient.netty.channel.ChannelManager - Adding key: http://localhost:63183 for channel [id: 0xc63a6d85, L:/127.0.0.1:51555 - R:localhost/127.0.0.1:63183]
14:22:07.095 [AsyncHttpClient-1-11] DEBUG org.asynchttpclient.netty.handler.HttpHandler - Channel Closed: [id: 0xc63a6d85, L:/127.0.0.1:51555 ! R:localhost/127.0.0.1:63183] with attribute DISCARD
]]></system-out>
    <system-err><![CDATA[Starting ChromeDriver 103.0.5060.53 (a1711811edd74ff1cf2150f36ffa3b0dae40b17f-refs/branch-heads/5060@{#853}) on port 63183
Only local connections are allowed.
Please see https://chromedriver.chromium.org/security-considerations for suggestions on keeping ChromeDriver safe.
ChromeDriver was started successfully.
Jul 08, 2022 2:22:02 PM org.openqa.selenium.remote.ProtocolHandshake createSession
INFO: Detected dialect: W3C
Jul 08, 2022 2:22:02 PM org.openqa.selenium.devtools.CdpVersionFinder findNearestMatch
WARNING: Unable to find an exact match for CDP version 103, so returning the closest version found: a no-op implementation
Jul 08, 2022 2:22:02 PM org.openqa.selenium.devtools.CdpVersionFinder findNearestMatch
INFO: Unable to find CDP implementation matching 103.
Jul 08, 2022 2:22:02 PM org.openqa.selenium.chromium.ChromiumDriver lambda$new$3
WARNING: Unable to find version of CDP to use for . You may need to include a dependency on a specific version of the CDP using something similar to `org.seleniumhq.selenium:selenium-devtools-v86:4.1.2` where the version ("v86") matches the version of the chromium-based browser you're using and the version number of the artifact is the same as Selenium's.
]]></system-err>
  </testcase>
</testsuite>